\BOOKMARK [1][-]{section*.3}{\376\377\000\040\000D\000A\000N\000H\000\040\000M\036\344\000C\000\040\000H\000\314\000N\000H\000\040\000V\036\274}{}% 1
\BOOKMARK [1][-]{section*.4}{\376\377\000\040\000D\000A\000N\000H\000\040\000M\036\344\000C\000\040\000B\036\242\000N\000G\000\040\000B\000I\036\302\000U}{}% 2
\BOOKMARK [1][-]{section*.4}{\376\377\000C\000H\001\257\001\240\000N\000G\000\040\0001\000.\000\040\000G\000I\036\332\000I\000\040\000T\000H\000I\036\306\000U\000\040\000V\000\300\000\040\000T\036\324\000N\000G\000\040\000Q\000U\000A\000N}{}% 3
\BOOKMARK [2][-]{subsection.1.1}{\376\377\001\020\036\267\000t\000\040\000v\036\245\000n\000\040\001\021\036\301\000\040\000\046\000\040\000M\036\345\000c\000\040\000t\000i\000\352\000u}{section*.4}% 4
\BOOKMARK [2][-]{subsection.1.2}{\376\377\000C\000\364\000n\000g\000\040\000n\000g\000h\036\307\000\040\036\351\000n\000g\000\040\000d\036\345\000n\000g}{section*.4}% 5
\BOOKMARK [2][-]{subsection.1.3}{\376\377\000B\036\243\000n\000g\000\040\000t\036\325\000n\000g\000\040\000k\036\277\000t\000\040\000c\000h\036\351\000c\000\040\000n\001\003\000n\000g\000\040\000v\000\340\000\040\000p\000h\000\342\000n\000\040\000c\000\364\000n\000g\000\040\000c\000\364\000n\000g\000\040\000v\000i\036\307\000c}{section*.4}% 6
\BOOKMARK [2][-]{subsection.1.4}{\376\377\000B\036\243\000n\000g\000\040\000t\036\325\000n\000g\000\040\000k\036\277\000t\000\040\000l\000\340\000m\000\040\001\021\001\260\036\343\000c\000/\000c\000h\001\260\000a\000\040\000l\000\340\000m\000\040\001\021\001\260\036\343\000c}{section*.4}% 7
\BOOKMARK [2][-]{subsection.1.5}{\376\377\000K\036\371\000\040\000t\000h\000u\036\255\000t\000\040\000s\036\355\000\040\000d\036\345\000n\000g\000\040\000k\000\350\000m\000\040\000c\000h\036\351\000c\000\040\000n\001\003\000n\000g}{section*.4}% 8
\BOOKMARK [1][-]{table.caption.7}{\376\377\000C\000H\001\257\001\240\000N\000G\000\040\0002\000.\000\040\000T\000H\000I\036\276\000T\000\040\000K\036\276\000\040\000H\036\306\000\040\000T\000H\036\320\000N\000G\000\040\000V\000\300\000\040\000K\000I\036\276\000N\000\040\000T\000R\000\332\000C\000\040\000C\000O\000D\000E}{}% 9
\BOOKMARK [2][-]{subsection.2.1}{\376\377\000S\001\241\000\040\001\021\036\323\000\040\000k\000i\036\277\000n\000\040\000t\000r\000\372\000c\000\040\000h\036\307\000\040\000t\000h\036\321\000n\000g\000\040\000M\000o\000b\000i\000l\000e\000\040\000A\000p\000p}{table.caption.7}% 10
\BOOKMARK [2][-]{subsection.2.2}{\376\377\000S\001\241\000\040\001\021\036\323\000\040\000t\000u\036\247\000n\000\040\000t\036\361\000\040\000c\000\341\000c\000\040\000l\000u\036\323\000n\000g\000\040\000c\000h\036\351\000c\000\040\000n\001\003\000n\000g\000\040\000c\000h\000\355\000n\000h}{table.caption.7}% 11
\BOOKMARK [3][-]{subsubsection.2.2.1}{\376\377\000L\000u\036\323\000n\000g\000\040\000K\000h\036\337\000i\000\040\000t\036\241\000o\000\040\000k\036\277\000t\000\040\000n\036\321\000i\000\040\000\050\000I\000n\000i\000t\000\040\000\046\000\040\000C\000o\000n\000n\000e\000c\000t\000\051}{subsection.2.2}% 12
\BOOKMARK [3][-]{subsubsection.2.2.2}{\376\377\000L\000u\036\323\000n\000g\000\040\000G\000i\000\341\000m\000\040\000s\000\341\000t\000\040\000t\000h\036\335\000i\000\040\000g\000i\000a\000n\000\040\000t\000h\036\361\000c\000\040\000\050\000R\000e\000a\000l\000-\000t\000i\000m\000e\000\040\000t\000e\000l\000e\000m\000e\000t\000r\000y\000\051}{subsection.2.2}% 13
\BOOKMARK [3][-]{subsubsection.2.2.3}{\376\377\000L\000u\036\323\000n\000g\000\040\000T\000r\000u\000y\000\040\000v\036\245\000n\000\040\000d\036\357\000\040\000l\000i\036\307\000u\000\040\000l\036\313\000c\000h\000\040\000s\036\355\000\040\000\050\000H\000i\000s\000t\000o\000r\000y\000\040\000q\000u\000e\000r\000y\000\051}{subsection.2.2}% 14
\BOOKMARK [3][-]{subsubsection.2.2.4}{\376\377\000L\000u\036\323\000n\000g\000\040\000C\036\255\000p\000\040\000n\000h\036\255\000t\000\040\000p\000h\036\247\000n\000\040\000m\036\301\000m\000\040\000\050\000F\000O\000T\000A\000\051}{subsection.2.2}% 15
\BOOKMARK [2][-]{subsection.2.3}{\376\377\000C\000\342\000y\000\040\000t\000h\001\260\000\040\000m\036\345\000c\000\040\000c\000h\000\355\000n\000h\000\040\000t\000r\000o\000n\000g\000\040\000m\000\343\000\040\000n\000g\000u\036\323\000n\000\040\000s\000r\000c}{table.caption.7}% 16
\BOOKMARK [3][-]{subsubsection.2.3.1}{\376\377\000T\000h\001\260\000\040\000m\036\345\000c\000\040\000c\000o\000m\000p\000o\000n\000e\000n\000t\000s}{subsection.2.3}% 17
\BOOKMARK [3][-]{subsubsection.2.3.2}{\376\377\000T\000h\001\260\000\040\000m\036\345\000c\000\040\000s\000t\000o\000r\000e}{subsection.2.3}% 18
\BOOKMARK [3][-]{subsubsection.2.3.3}{\376\377\000T\000h\001\260\000\040\000m\036\345\000c\000\040\000s\000e\000r\000v\000i\000c\000e\000s}{subsection.2.3}% 19
\BOOKMARK [3][-]{subsubsection.2.3.4}{\376\377\000C\000\341\000c\000\040\000t\000h\001\260\000\040\000m\036\345\000c\000\040\000c\000o\000n\000s\000t\000a\000n\000t\000s\000,\000\040\000t\000y\000p\000e\000s\000,\000\040\000u\000t\000i\000l\000s}{subsection.2.3}% 20
\BOOKMARK [1][-]{figure.caption.17}{\376\377\000C\000H\001\257\001\240\000N\000G\000\040\0003\000.\000\040\000D\000E\000M\000O\000\040\000T\000H\000E\000O\000\040\000K\036\312\000C\000H\000\040\000B\036\242\000N}{}% 21
\BOOKMARK [2][-]{subsection.3.1}{\376\377\000K\036\277\000t\000\040\000q\000u\036\243\000\040\000G\000i\000a\000o\000\040\000d\000i\036\307\000n\000\040\036\350\000n\000g\000\040\000d\036\345\000n\000g\000\040\000D\000i\000\040\001\021\036\331\000n\000g}{figure.caption.17}% 22
\BOOKMARK [2][-]{subsection.3.2}{\376\377\000B\036\243\000n\000g\000\040\000t\036\325\000n\000g\000\040\000k\036\277\000t\000\040\000c\000h\036\351\000c\000\040\000n\001\003\000n\000g}{figure.caption.17}% 23
\BOOKMARK [1][-]{table.caption.23}{\376\377\000C\000H\001\257\001\240\000N\000G\000\040\0004\000.\000\040\000T\036\324\000N\000G\000\040\000K\036\276\000T}{}% 24
\BOOKMARK [2][-]{subsection.4.1}{\376\377\000K\036\277\000t\000\040\000l\000u\036\255\000n}{table.caption.23}% 25
\BOOKMARK [2][-]{subsection.4.2}{\376\377\000H\001\260\036\333\000n\000g\000\040\000p\000h\000\341\000t\000\040\000t\000r\000i\036\303\000n\000\040\000t\001\260\001\241\000n\000g\000\040\000l\000a\000i}{table.caption.23}% 26
