This is pdfTeX, Version 3.141592653-2.6-1.40.25 (MiKTeX 24.1) (preloaded format=pdflatex 2025.9.15)  9 JUN 2026 16:35
entering extended mode
 restricted \write18 enabled.
 file:line:error style messages enabled.
 %&-line parsing enabled.
**./main.tex
(main.tex
LaTeX2e <2023-11-01> patch level 1
L3 programming layer <2024-01-04>
(C:\Users\MrKoi\AppData\Local\Programs\MiKTeX\tex/latex/base\article.cls
Document Class: article 2023/05/17 v1.4n Standard LaTeX document class
(C:\Users\MrKoi\AppData\Local\Programs\MiKTeX\tex/latex/base\size10.clo
File: size10.clo 2023/05/17 v1.4n Standard LaTeX file (size option)
)
\c@part=\count187
\c@section=\count188
\c@subsection=\count189
\c@subsubsection=\count190
\c@paragraph=\count191
\c@subparagraph=\count192
\c@figure=\count193
\c@table=\count194
\abovecaptionskip=\skip48
\belowcaptionskip=\skip49
\bibindent=\dimen140
)
(C:\Users\MrKoi\AppData\Local\Programs\MiKTeX\tex/latex/base\fontenc.sty
Package: fontenc 2021/04/29 v2.0v Standard LaTeX package

(C:\Users\MrKoi\AppData\Local\Programs\MiKTeX\tex/latex/vntex\t5enc.def
File: t5enc.def 2006/11/21 v1.4 Vietnamese T5 encoding
Now handling font encoding T5 ...
... processing UTF-8 mapping file for font encoding T5

(C:\Users\MrKoi\AppData\Local\Programs\MiKTeX\tex/latex/vntex\t5enc.dfu
File: t5enc.dfu 2006/08/19 v1.1 UTF8 support for Vietnamese
   defining Unicode char U+00AB (decimal 171)
   defining Unicode char U+00BB (decimal 187)
   defining Unicode char U+00C0 (decimal 192)
   defining Unicode char U+00C1 (decimal 193)
   defining Unicode char U+00C2 (decimal 194)
   defining Unicode char U+00C3 (decimal 195)
   defining Unicode char U+00C8 (decimal 200)
   defining Unicode char U+00C9 (decimal 201)
   defining Unicode char U+00CA (decimal 202)
   defining Unicode char U+00CC (decimal 204)
   defining Unicode char U+00CD (decimal 205)
   defining Unicode char U+00D2 (decimal 210)
   defining Unicode char U+00D3 (decimal 211)
   defining Unicode char U+00D4 (decimal 212)
   defining Unicode char U+00D5 (decimal 213)
   defining Unicode char U+00D9 (decimal 217)
   defining Unicode char U+00DA (decimal 218)
   defining Unicode char U+00DD (decimal 221)
   defining Unicode char U+00E0 (decimal 224)
   defining Unicode char U+00E1 (decimal 225)
   defining Unicode char U+00E2 (decimal 226)
   defining Unicode char U+00E3 (decimal 227)
   defining Unicode char U+00E8 (decimal 232)
   defining Unicode char U+00E9 (decimal 233)
   defining Unicode char U+00EA (decimal 234)
   defining Unicode char U+00EC (decimal 236)
   defining Unicode char U+00ED (decimal 237)
   defining Unicode char U+00F2 (decimal 242)
   defining Unicode char U+00F3 (decimal 243)
   defining Unicode char U+00F4 (decimal 244)
   defining Unicode char U+00F5 (decimal 245)
   defining Unicode char U+00F9 (decimal 249)
   defining Unicode char U+00FA (decimal 250)
   defining Unicode char U+00FD (decimal 253)
   defining Unicode char U+0102 (decimal 258)
   defining Unicode char U+0103 (decimal 259)
   defining Unicode char U+0110 (decimal 272)
   defining Unicode char U+0111 (decimal 273)
   defining Unicode char U+0128 (decimal 296)
   defining Unicode char U+0129 (decimal 297)
   defining Unicode char U+0131 (decimal 305)
   defining Unicode char U+0168 (decimal 360)
   defining Unicode char U+0169 (decimal 361)
   defining Unicode char U+01A0 (decimal 416)
   defining Unicode char U+01A1 (decimal 417)
   defining Unicode char U+01AF (decimal 431)
   defining Unicode char U+01B0 (decimal 432)
   defining Unicode char U+1EA0 (decimal 7840)
   defining Unicode char U+1EA1 (decimal 7841)
   defining Unicode char U+1EA2 (decimal 7842)
   defining Unicode char U+1EA3 (decimal 7843)
   defining Unicode char U+1EA4 (decimal 7844)
   defining Unicode char U+1EA5 (decimal 7845)
   defining Unicode char U+1EA6 (decimal 7846)
   defining Unicode char U+1EA7 (decimal 7847)
   defining Unicode char U+1EA8 (decimal 7848)
   defining Unicode char U+1EA9 (decimal 7849)
   defining Unicode char U+1EAA (decimal 7850)
   defining Unicode char U+1EAB (decimal 7851)
   defining Unicode char U+1EAC (decimal 7852)
   defining Unicode char U+1EAD (decimal 7853)
   defining Unicode char U+1EAE (decimal 7854)
   defining Unicode char U+1EAF (decimal 7855)
   defining Unicode char U+1EB0 (decimal 7856)
   defining Unicode char U+1EB1 (decimal 7857)
   defining Unicode char U+1EB2 (decimal 7858)
   defining Unicode char U+1EB3 (decimal 7859)
   defining Unicode char U+1EB4 (decimal 7860)
   defining Unicode char U+1EB5 (decimal 7861)
   defining Unicode char U+1EB6 (decimal 7862)
   defining Unicode char U+1EB7 (decimal 7863)
   defining Unicode char U+1EB8 (decimal 7864)
   defining Unicode char U+1EB9 (decimal 7865)
   defining Unicode char U+1EBA (decimal 7866)
   defining Unicode char U+1EBB (decimal 7867)
   defining Unicode char U+1EBC (decimal 7868)
   defining Unicode char U+1EBD (decimal 7869)
   defining Unicode char U+1EBE (decimal 7870)
   defining Unicode char U+1EBF (decimal 7871)
   defining Unicode char U+1EC0 (decimal 7872)
   defining Unicode char U+1EC1 (decimal 7873)
   defining Unicode char U+1EC2 (decimal 7874)
   defining Unicode char U+1EC3 (decimal 7875)
   defining Unicode char U+1EC4 (decimal 7876)
   defining Unicode char U+1EC5 (decimal 7877)
   defining Unicode char U+1EC6 (decimal 7878)
   defining Unicode char U+1EC7 (decimal 7879)
   defining Unicode char U+1EC8 (decimal 7880)
   defining Unicode char U+1EC9 (decimal 7881)
   defining Unicode char U+1ECA (decimal 7882)
   defining Unicode char U+1ECB (decimal 7883)
   defining Unicode char U+1ECC (decimal 7884)
   defining Unicode char U+1ECD (decimal 7885)
   defining Unicode char U+1ECE (decimal 7886)
   defining Unicode char U+1ECF (decimal 7887)
   defining Unicode char U+1ED0 (decimal 7888)
   defining Unicode char U+1ED1 (decimal 7889)
   defining Unicode char U+1ED2 (decimal 7890)
   defining Unicode char U+1ED3 (decimal 7891)
   defining Unicode char U+1ED4 (decimal 7892)
   defining Unicode char U+1ED5 (decimal 7893)
   defining Unicode char U+1ED6 (decimal 7894)
   defining Unicode char U+1ED7 (decimal 7895)
   defining Unicode char U+1ED8 (decimal 7896)
   defining Unicode char U+1ED9 (decimal 7897)
   defining Unicode char U+1EDA (decimal 7898)
   defining Unicode char U+1EDB (decimal 7899)
   defining Unicode char U+1EDC (decimal 7900)
   defining Unicode char U+1EDD (decimal 7901)
   defining Unicode char U+1EDE (decimal 7902)
   defining Unicode char U+1EDF (decimal 7903)
   defining Unicode char U+1EE0 (decimal 7904)
   defining Unicode char U+1EE1 (decimal 7905)
   defining Unicode char U+1EE2 (decimal 7906)
   defining Unicode char U+1EE3 (decimal 7907)
   defining Unicode char U+1EE4 (decimal 7908)
   defining Unicode char U+1EE5 (decimal 7909)
   defining Unicode char U+1EE6 (decimal 7910)
   defining Unicode char U+1EE7 (decimal 7911)
   defining Unicode char U+1EE8 (decimal 7912)
   defining Unicode char U+1EE9 (decimal 7913)
   defining Unicode char U+1EEA (decimal 7914)
   defining Unicode char U+1EEB (decimal 7915)
   defining Unicode char U+1EEC (decimal 7916)
   defining Unicode char U+1EED (decimal 7917)
   defining Unicode char U+1EEE (decimal 7918)
   defining Unicode char U+1EEF (decimal 7919)
   defining Unicode char U+1EF0 (decimal 7920)
   defining Unicode char U+1EF1 (decimal 7921)
   defining Unicode char U+1EF2 (decimal 7922)
   defining Unicode char U+1EF3 (decimal 7923)
   defining Unicode char U+1EF4 (decimal 7924)
   defining Unicode char U+1EF5 (decimal 7925)
   defining Unicode char U+1EF6 (decimal 7926)
   defining Unicode char U+1EF7 (decimal 7927)
   defining Unicode char U+1EF8 (decimal 7928)
   defining Unicode char U+1EF9 (decimal 7929)
   defining Unicode char U+200C (decimal 8204)
   defining Unicode char U+2013 (decimal 8211)
   defining Unicode char U+2014 (decimal 8212)
   defining Unicode char U+2018 (decimal 8216)
   defining Unicode char U+2019 (decimal 8217)
   defining Unicode char U+201A (decimal 8218)
   defining Unicode char U+201C (decimal 8220)
   defining Unicode char U+201D (decimal 8221)
   defining Unicode char U+201E (decimal 8222)
   defining Unicode char U+2030 (decimal 8240)
   defining Unicode char U+2031 (decimal 8241)
   defining Unicode char U+2039 (decimal 8249)
   defining Unicode char U+203A (decimal 8250)
   defining Unicode char U+2423 (decimal 9251)
))
LaTeX Font Info:    Trying to load font information for T5+cmr on input line 11
2.

(C:\Users\MrKoi\AppData\Local\Programs\MiKTeX\tex/latex/vntex\t5cmr.fd
File: t5cmr.fd 1999/05/25 v2.5h Standard LaTeX font definitions
))
(C:\Users\MrKoi\AppData\Local\Programs\MiKTeX\tex/latex/koma-script\scrextend.s
ty
Package: scrextend 2025/09/09 v3.48 KOMA-Script package (extend other classes w
ith features of KOMA-Script classes)

(C:\Users\MrKoi\AppData\Local\Programs\MiKTeX\tex/latex/koma-script\scrkbase.st
y
Package: scrkbase 2025/09/09 v3.48 KOMA-Script package (KOMA-Script-dependent b
asics and keyval usage)

(C:\Users\MrKoi\AppData\Local\Programs\MiKTeX\tex/latex/koma-script\scrbase.sty
Package: scrbase 2025/09/09 v3.48 KOMA-Script package (KOMA-Script-independent 
basics and keyval usage)

(C:\Users\MrKoi\AppData\Local\Programs\MiKTeX\tex/latex/koma-script\scrlfile.st
y
Package: scrlfile 2025/09/09 v3.48 KOMA-Script package (file load hooks)

(C:\Users\MrKoi\AppData\Local\Programs\MiKTeX\tex/latex/koma-script\scrlfile-ho
ok.sty
Package: scrlfile-hook 2025/09/09 v3.48 KOMA-Script package (using LaTeX hooks)


(C:\Users\MrKoi\AppData\Local\Programs\MiKTeX\tex/latex/koma-script\scrlogo.sty
Package: scrlogo 2025/09/09 v3.48 KOMA-Script package (logo)
))) (C:\Users\MrKoi\AppData\Local\Programs\MiKTeX\tex/latex/graphics\keyval.sty
Package: keyval 2022/05/29 v1.15 key=value parser (DPC)
\KV@toks@=\toks17
)
Applying: [2021/05/01] Usage of raw or classic option list on input line 254.
Already applied: [0000/00/00] Usage of raw or classic option list on input line
 370.
)))
(C:\Users\MrKoi\AppData\Local\Programs\MiKTeX\tex/latex/geometry\geometry.sty
Package: geometry 2020/01/02 v5.9 Page Geometry

(C:\Users\MrKoi\AppData\Local\Programs\MiKTeX\tex/generic/iftex\ifvtex.sty
Package: ifvtex 2019/10/25 v1.7 ifvtex legacy package. Use iftex instead.

(C:\Users\MrKoi\AppData\Local\Programs\MiKTeX\tex/generic/iftex\iftex.sty
Package: iftex 2022/02/03 v1.0f TeX engine tests
))
\Gm@cnth=\count195
\Gm@cntv=\count196
\c@Gm@tempcnt=\count197
\Gm@bindingoffset=\dimen141
\Gm@wd@mp=\dimen142
\Gm@odd@mp=\dimen143
\Gm@even@mp=\dimen144
\Gm@layoutwidth=\dimen145
\Gm@layoutheight=\dimen146
\Gm@layouthoffset=\dimen147
\Gm@layoutvoffset=\dimen148
\Gm@dimlist=\toks18

(C:\Users\MrKoi\AppData\Local\Programs\MiKTeX\tex/latex/geometry\geometry.cfg))
(C:\Users\MrKoi\AppData\Local\Programs\MiKTeX\tex/latex/psnfss\mathptmx.sty
Package: mathptmx 2020/03/25 PSNFSS-v9.3 Times w/ Math, improved (SPQR, WaS) 
LaTeX Font Info:    Redeclaring symbol font `operators' on input line 28.
LaTeX Font Info:    Overwriting symbol font `operators' in version `normal'
(Font)                  OT1/cmr/m/n --> OT1/ztmcm/m/n on input line 28.
LaTeX Font Info:    Overwriting symbol font `operators' in version `bold'
(Font)                  OT1/cmr/bx/n --> OT1/ztmcm/m/n on input line 28.
LaTeX Font Info:    Redeclaring symbol font `letters' on input line 29.
LaTeX Font Info:    Overwriting symbol font `letters' in version `normal'
(Font)                  OML/cmm/m/it --> OML/ztmcm/m/it on input line 29.
LaTeX Font Info:    Overwriting symbol font `letters' in version `bold'
(Font)                  OML/cmm/b/it --> OML/ztmcm/m/it on input line 29.
LaTeX Font Info:    Redeclaring symbol font `symbols' on input line 30.
LaTeX Font Info:    Overwriting symbol font `symbols' in version `normal'
(Font)                  OMS/cmsy/m/n --> OMS/ztmcm/m/n on input line 30.
LaTeX Font Info:    Overwriting symbol font `symbols' in version `bold'
(Font)                  OMS/cmsy/b/n --> OMS/ztmcm/m/n on input line 30.
LaTeX Font Info:    Redeclaring symbol font `largesymbols' on input line 31.
LaTeX Font Info:    Overwriting symbol font `largesymbols' in version `normal'
(Font)                  OMX/cmex/m/n --> OMX/ztmcm/m/n on input line 31.
LaTeX Font Info:    Overwriting symbol font `largesymbols' in version `bold'
(Font)                  OMX/cmex/m/n --> OMX/ztmcm/m/n on input line 31.
\symbold=\mathgroup4
\symitalic=\mathgroup5
LaTeX Font Info:    Redeclaring math alphabet \mathbf on input line 34.
LaTeX Font Info:    Overwriting math alphabet `\mathbf' in version `normal'
(Font)                  OT1/cmr/bx/n --> OT1/ptm/bx/n on input line 34.
LaTeX Font Info:    Overwriting math alphabet `\mathbf' in version `bold'
(Font)                  OT1/cmr/bx/n --> OT1/ptm/bx/n on input line 34.
LaTeX Font Info:    Redeclaring math alphabet \mathit on input line 35.
LaTeX Font Info:    Overwriting math alphabet `\mathit' in version `normal'
(Font)                  OT1/cmr/m/it --> OT1/ptm/m/it on input line 35.
LaTeX Font Info:    Overwriting math alphabet `\mathit' in version `bold'
(Font)                  OT1/cmr/bx/it --> OT1/ptm/m/it on input line 35.
LaTeX Info: Redefining \hbar on input line 50.
)
(C:\Users\MrKoi\AppData\Local\Programs\MiKTeX\tex/latex/graphics\graphicx.sty
Package: graphicx 2021/09/16 v1.2d Enhanced LaTeX Graphics (DPC,SPQR)

(C:\Users\MrKoi\AppData\Local\Programs\MiKTeX\tex/latex/graphics\graphics.sty
Package: graphics 2022/03/10 v1.4e Standard LaTeX Graphics (DPC,SPQR)

(C:\Users\MrKoi\AppData\Local\Programs\MiKTeX\tex/latex/graphics\trig.sty
Package: trig 2021/08/11 v1.11 sin cos tan (DPC)
)
(C:\Users\MrKoi\AppData\Local\Programs\MiKTeX\tex/latex/graphics-cfg\graphics.c
fg
File: graphics.cfg 2016/06/04 v1.11 sample graphics configuration
)
Package graphics Info: Driver file: pdftex.def on input line 107.

(C:\Users\MrKoi\AppData\Local\Programs\MiKTeX\tex/latex/graphics-def\pdftex.def
File: pdftex.def 2022/09/22 v1.2b Graphics/color driver for pdftex
))
\Gin@req@height=\dimen149
\Gin@req@width=\dimen150
) (C:\Users\MrKoi\AppData\Local\Programs\MiKTeX\tex/latex/float\float.sty
Package: float 2001/11/08 v1.3d Float enhancements (AL)
\c@float@type=\count198
\float@exts=\toks19
\float@box=\box51
\@float@everytoks=\toks20
\@floatcapt=\box52
)
(C:\Users\MrKoi\AppData\Local\Programs\MiKTeX\tex/latex/pgf/frontendlayer\tikz.
sty
(C:\Users\MrKoi\AppData\Local\Programs\MiKTeX\tex/latex/pgf/basiclayer\pgf.sty
(C:\Users\MrKoi\AppData\Local\Programs\MiKTeX\tex/latex/pgf/utilities\pgfrcs.st
y
(C:\Users\MrKoi\AppData\Local\Programs\MiKTeX\tex/generic/pgf/utilities\pgfutil
-common.tex
\pgfutil@everybye=\toks21
\pgfutil@tempdima=\dimen151
\pgfutil@tempdimb=\dimen152
)
(C:\Users\MrKoi\AppData\Local\Programs\MiKTeX\tex/generic/pgf/utilities\pgfutil
-latex.def
\pgfutil@abb=\box53
)
(C:\Users\MrKoi\AppData\Local\Programs\MiKTeX\tex/generic/pgf/utilities\pgfrcs.
code.tex
(C:\Users\MrKoi\AppData\Local\Programs\MiKTeX\tex/generic/pgf\pgf.revision.tex)
Package: pgfrcs 2023-01-15 v3.1.10 (3.1.10)
))
Package: pgf 2023-01-15 v3.1.10 (3.1.10)

(C:\Users\MrKoi\AppData\Local\Programs\MiKTeX\tex/latex/pgf/basiclayer\pgfcore.
sty
(C:\Users\MrKoi\AppData\Local\Programs\MiKTeX\tex/latex/pgf/systemlayer\pgfsys.
sty
(C:\Users\MrKoi\AppData\Local\Programs\MiKTeX\tex/generic/pgf/systemlayer\pgfsy
s.code.tex
Package: pgfsys 2023-01-15 v3.1.10 (3.1.10)

(C:\Users\MrKoi\AppData\Local\Programs\MiKTeX\tex/generic/pgf/utilities\pgfkeys
.code.tex
\pgfkeys@pathtoks=\toks22
\pgfkeys@temptoks=\toks23

(C:\Users\MrKoi\AppData\Local\Programs\MiKTeX\tex/generic/pgf/utilities\pgfkeys
libraryfiltered.code.tex
\pgfkeys@tmptoks=\toks24
))
\pgf@x=\dimen153
\pgf@y=\dimen154
\pgf@xa=\dimen155
\pgf@ya=\dimen156
\pgf@xb=\dimen157
\pgf@yb=\dimen158
\pgf@xc=\dimen159
\pgf@yc=\dimen160
\pgf@xd=\dimen161
\pgf@yd=\dimen162
\w@pgf@writea=\write3
\r@pgf@reada=\read2
\c@pgf@counta=\count199
\c@pgf@countb=\count266
\c@pgf@countc=\count267
\c@pgf@countd=\count268
\t@pgf@toka=\toks25
\t@pgf@tokb=\toks26
\t@pgf@tokc=\toks27
\pgf@sys@id@count=\count269

(C:\Users\MrKoi\AppData\Local\Programs\MiKTeX\tex/generic/pgf/systemlayer\pgf.c
fg
File: pgf.cfg 2023-01-15 v3.1.10 (3.1.10)
)
Driver file for pgf: pgfsys-pdftex.def

(C:\Users\MrKoi\AppData\Local\Programs\MiKTeX\tex/generic/pgf/systemlayer\pgfsy
s-pdftex.def
File: pgfsys-pdftex.def 2023-01-15 v3.1.10 (3.1.10)

(C:\Users\MrKoi\AppData\Local\Programs\MiKTeX\tex/generic/pgf/systemlayer\pgfsy
s-common-pdf.def
File: pgfsys-common-pdf.def 2023-01-15 v3.1.10 (3.1.10)
)))
(C:\Users\MrKoi\AppData\Local\Programs\MiKTeX\tex/generic/pgf/systemlayer\pgfsy
ssoftpath.code.tex
File: pgfsyssoftpath.code.tex 2023-01-15 v3.1.10 (3.1.10)
\pgfsyssoftpath@smallbuffer@items=\count270
\pgfsyssoftpath@bigbuffer@items=\count271
)
(C:\Users\MrKoi\AppData\Local\Programs\MiKTeX\tex/generic/pgf/systemlayer\pgfsy
sprotocol.code.tex
File: pgfsysprotocol.code.tex 2023-01-15 v3.1.10 (3.1.10)
))
(C:\Users\MrKoi\AppData\Local\Programs\MiKTeX\tex/latex/xcolor\xcolor.sty
Package: xcolor 2023/11/15 v3.01 LaTeX color extensions (UK)

(C:\Users\MrKoi\AppData\Local\Programs\MiKTeX\tex/latex/graphics-cfg\color.cfg
File: color.cfg 2016/01/02 v1.6 sample color configuration
)
Package xcolor Info: Driver file: pdftex.def on input line 274.
(C:\Users\MrKoi\AppData\Local\Programs\MiKTeX\tex/latex/graphics\mathcolor.ltx)
Package xcolor Info: Model `cmy' substituted by `cmy0' on input line 1350.
Package xcolor Info: Model `hsb' substituted by `rgb' on input line 1354.
Package xcolor Info: Model `RGB' extended on input line 1366.
Package xcolor Info: Model `HTML' substituted by `rgb' on input line 1368.
Package xcolor Info: Model `Hsb' substituted by `hsb' on input line 1369.
Package xcolor Info: Model `tHsb' substituted by `hsb' on input line 1370.
Package xcolor Info: Model `HSB' substituted by `hsb' on input line 1371.
Package xcolor Info: Model `Gray' substituted by `gray' on input line 1372.
Package xcolor Info: Model `wave' substituted by `hsb' on input line 1373.
)
(C:\Users\MrKoi\AppData\Local\Programs\MiKTeX\tex/generic/pgf/basiclayer\pgfcor
e.code.tex
Package: pgfcore 2023-01-15 v3.1.10 (3.1.10)

(C:\Users\MrKoi\AppData\Local\Programs\MiKTeX\tex/generic/pgf/math\pgfmath.code
.tex
(C:\Users\MrKoi\AppData\Local\Programs\MiKTeX\tex/generic/pgf/math\pgfmathutil.
code.tex)
(C:\Users\MrKoi\AppData\Local\Programs\MiKTeX\tex/generic/pgf/math\pgfmathparse
r.code.tex
\pgfmath@dimen=\dimen163
\pgfmath@count=\count272
\pgfmath@box=\box54
\pgfmath@toks=\toks28
\pgfmath@stack@operand=\toks29
\pgfmath@stack@operation=\toks30
)
(C:\Users\MrKoi\AppData\Local\Programs\MiKTeX\tex/generic/pgf/math\pgfmathfunct
ions.code.tex)
(C:\Users\MrKoi\AppData\Local\Programs\MiKTeX\tex/generic/pgf/math\pgfmathfunct
ions.basic.code.tex)
(C:\Users\MrKoi\AppData\Local\Programs\MiKTeX\tex/generic/pgf/math\pgfmathfunct
ions.trigonometric.code.tex)
(C:\Users\MrKoi\AppData\Local\Programs\MiKTeX\tex/generic/pgf/math\pgfmathfunct
ions.random.code.tex)
(C:\Users\MrKoi\AppData\Local\Programs\MiKTeX\tex/generic/pgf/math\pgfmathfunct
ions.comparison.code.tex)
(C:\Users\MrKoi\AppData\Local\Programs\MiKTeX\tex/generic/pgf/math\pgfmathfunct
ions.base.code.tex)
(C:\Users\MrKoi\AppData\Local\Programs\MiKTeX\tex/generic/pgf/math\pgfmathfunct
ions.round.code.tex)
(C:\Users\MrKoi\AppData\Local\Programs\MiKTeX\tex/generic/pgf/math\pgfmathfunct
ions.misc.code.tex)
(C:\Users\MrKoi\AppData\Local\Programs\MiKTeX\tex/generic/pgf/math\pgfmathfunct
ions.integerarithmetics.code.tex)
(C:\Users\MrKoi\AppData\Local\Programs\MiKTeX\tex/generic/pgf/math\pgfmathcalc.
code.tex)
(C:\Users\MrKoi\AppData\Local\Programs\MiKTeX\tex/generic/pgf/math\pgfmathfloat
.code.tex
\c@pgfmathroundto@lastzeros=\count273
))
(C:\Users\MrKoi\AppData\Local\Programs\MiKTeX\tex/generic/pgf/math\pgfint.code.
tex)
(C:\Users\MrKoi\AppData\Local\Programs\MiKTeX\tex/generic/pgf/basiclayer\pgfcor
epoints.code.tex
File: pgfcorepoints.code.tex 2023-01-15 v3.1.10 (3.1.10)
\pgf@picminx=\dimen164
\pgf@picmaxx=\dimen165
\pgf@picminy=\dimen166
\pgf@picmaxy=\dimen167
\pgf@pathminx=\dimen168
\pgf@pathmaxx=\dimen169
\pgf@pathminy=\dimen170
\pgf@pathmaxy=\dimen171
\pgf@xx=\dimen172
\pgf@xy=\dimen173
\pgf@yx=\dimen174
\pgf@yy=\dimen175
\pgf@zx=\dimen176
\pgf@zy=\dimen177
)
(C:\Users\MrKoi\AppData\Local\Programs\MiKTeX\tex/generic/pgf/basiclayer\pgfcor
epathconstruct.code.tex
File: pgfcorepathconstruct.code.tex 2023-01-15 v3.1.10 (3.1.10)
\pgf@path@lastx=\dimen178
\pgf@path@lasty=\dimen179
)
(C:\Users\MrKoi\AppData\Local\Programs\MiKTeX\tex/generic/pgf/basiclayer\pgfcor
epathusage.code.tex
File: pgfcorepathusage.code.tex 2023-01-15 v3.1.10 (3.1.10)
\pgf@shorten@end@additional=\dimen180
\pgf@shorten@start@additional=\dimen181
)
(C:\Users\MrKoi\AppData\Local\Programs\MiKTeX\tex/generic/pgf/basiclayer\pgfcor
escopes.code.tex
File: pgfcorescopes.code.tex 2023-01-15 v3.1.10 (3.1.10)
\pgfpic=\box55
\pgf@hbox=\box56
\pgf@layerbox@main=\box57
\pgf@picture@serial@count=\count274
)
(C:\Users\MrKoi\AppData\Local\Programs\MiKTeX\tex/generic/pgf/basiclayer\pgfcor
egraphicstate.code.tex
File: pgfcoregraphicstate.code.tex 2023-01-15 v3.1.10 (3.1.10)
\pgflinewidth=\dimen182
)
(C:\Users\MrKoi\AppData\Local\Programs\MiKTeX\tex/generic/pgf/basiclayer\pgfcor
etransformations.code.tex
File: pgfcoretransformations.code.tex 2023-01-15 v3.1.10 (3.1.10)
\pgf@pt@x=\dimen183
\pgf@pt@y=\dimen184
\pgf@pt@temp=\dimen185
)
(C:\Users\MrKoi\AppData\Local\Programs\MiKTeX\tex/generic/pgf/basiclayer\pgfcor
equick.code.tex
File: pgfcorequick.code.tex 2023-01-15 v3.1.10 (3.1.10)
)
(C:\Users\MrKoi\AppData\Local\Programs\MiKTeX\tex/generic/pgf/basiclayer\pgfcor
eobjects.code.tex
File: pgfcoreobjects.code.tex 2023-01-15 v3.1.10 (3.1.10)
)
(C:\Users\MrKoi\AppData\Local\Programs\MiKTeX\tex/generic/pgf/basiclayer\pgfcor
epathprocessing.code.tex
File: pgfcorepathprocessing.code.tex 2023-01-15 v3.1.10 (3.1.10)
)
(C:\Users\MrKoi\AppData\Local\Programs\MiKTeX\tex/generic/pgf/basiclayer\pgfcor
earrows.code.tex
File: pgfcorearrows.code.tex 2023-01-15 v3.1.10 (3.1.10)
\pgfarrowsep=\dimen186
)
(C:\Users\MrKoi\AppData\Local\Programs\MiKTeX\tex/generic/pgf/basiclayer\pgfcor
eshade.code.tex
File: pgfcoreshade.code.tex 2023-01-15 v3.1.10 (3.1.10)
\pgf@max=\dimen187
\pgf@sys@shading@range@num=\count275
\pgf@shadingcount=\count276
)
(C:\Users\MrKoi\AppData\Local\Programs\MiKTeX\tex/generic/pgf/basiclayer\pgfcor
eimage.code.tex
File: pgfcoreimage.code.tex 2023-01-15 v3.1.10 (3.1.10)
)
(C:\Users\MrKoi\AppData\Local\Programs\MiKTeX\tex/generic/pgf/basiclayer\pgfcor
eexternal.code.tex
File: pgfcoreexternal.code.tex 2023-01-15 v3.1.10 (3.1.10)
\pgfexternal@startupbox=\box58
)
(C:\Users\MrKoi\AppData\Local\Programs\MiKTeX\tex/generic/pgf/basiclayer\pgfcor
elayers.code.tex
File: pgfcorelayers.code.tex 2023-01-15 v3.1.10 (3.1.10)
)
(C:\Users\MrKoi\AppData\Local\Programs\MiKTeX\tex/generic/pgf/basiclayer\pgfcor
etransparency.code.tex
File: pgfcoretransparency.code.tex 2023-01-15 v3.1.10 (3.1.10)
)
(C:\Users\MrKoi\AppData\Local\Programs\MiKTeX\tex/generic/pgf/basiclayer\pgfcor
epatterns.code.tex
File: pgfcorepatterns.code.tex 2023-01-15 v3.1.10 (3.1.10)
)
(C:\Users\MrKoi\AppData\Local\Programs\MiKTeX\tex/generic/pgf/basiclayer\pgfcor
erdf.code.tex
File: pgfcorerdf.code.tex 2023-01-15 v3.1.10 (3.1.10)
)))
(C:\Users\MrKoi\AppData\Local\Programs\MiKTeX\tex/generic/pgf/modules\pgfmodule
shapes.code.tex
File: pgfmoduleshapes.code.tex 2023-01-15 v3.1.10 (3.1.10)
\pgfnodeparttextbox=\box59
)
(C:\Users\MrKoi\AppData\Local\Programs\MiKTeX\tex/generic/pgf/modules\pgfmodule
plot.code.tex
File: pgfmoduleplot.code.tex 2023-01-15 v3.1.10 (3.1.10)
)
(C:\Users\MrKoi\AppData\Local\Programs\MiKTeX\tex/latex/pgf/compatibility\pgfco
mp-version-0-65.sty
Package: pgfcomp-version-0-65 2023-01-15 v3.1.10 (3.1.10)
\pgf@nodesepstart=\dimen188
\pgf@nodesepend=\dimen189
)
(C:\Users\MrKoi\AppData\Local\Programs\MiKTeX\tex/latex/pgf/compatibility\pgfco
mp-version-1-18.sty
Package: pgfcomp-version-1-18 2023-01-15 v3.1.10 (3.1.10)
))
(C:\Users\MrKoi\AppData\Local\Programs\MiKTeX\tex/latex/pgf/utilities\pgffor.st
y
(C:\Users\MrKoi\AppData\Local\Programs\MiKTeX\tex/latex/pgf/utilities\pgfkeys.s
ty
(C:\Users\MrKoi\AppData\Local\Programs\MiKTeX\tex/generic/pgf/utilities\pgfkeys
.code.tex))
(C:\Users\MrKoi\AppData\Local\Programs\MiKTeX\tex/latex/pgf/math\pgfmath.sty
(C:\Users\MrKoi\AppData\Local\Programs\MiKTeX\tex/generic/pgf/math\pgfmath.code
.tex))
(C:\Users\MrKoi\AppData\Local\Programs\MiKTeX\tex/generic/pgf/utilities\pgffor.
code.tex
Package: pgffor 2023-01-15 v3.1.10 (3.1.10)
\pgffor@iter=\dimen190
\pgffor@skip=\dimen191
\pgffor@stack=\toks31
\pgffor@toks=\toks32
))
(C:\Users\MrKoi\AppData\Local\Programs\MiKTeX\tex/generic/pgf/frontendlayer/tik
z\tikz.code.tex
Package: tikz 2023-01-15 v3.1.10 (3.1.10)

(C:\Users\MrKoi\AppData\Local\Programs\MiKTeX\tex/generic/pgf/libraries\pgflibr
aryplothandlers.code.tex
File: pgflibraryplothandlers.code.tex 2023-01-15 v3.1.10 (3.1.10)
\pgf@plot@mark@count=\count277
\pgfplotmarksize=\dimen192
)
\tikz@lastx=\dimen193
\tikz@lasty=\dimen194
\tikz@lastxsaved=\dimen195
\tikz@lastysaved=\dimen196
\tikz@lastmovetox=\dimen197
\tikz@lastmovetoy=\dimen198
\tikzleveldistance=\dimen199
\tikzsiblingdistance=\dimen256
\tikz@figbox=\box60
\tikz@figbox@bg=\box61
\tikz@tempbox=\box62
\tikz@tempbox@bg=\box63
\tikztreelevel=\count278
\tikznumberofchildren=\count279
\tikznumberofcurrentchild=\count280
\tikz@fig@count=\count281

(C:\Users\MrKoi\AppData\Local\Programs\MiKTeX\tex/generic/pgf/modules\pgfmodule
matrix.code.tex
File: pgfmodulematrix.code.tex 2023-01-15 v3.1.10 (3.1.10)
\pgfmatrixcurrentrow=\count282
\pgfmatrixcurrentcolumn=\count283
\pgf@matrix@numberofcolumns=\count284
)
\tikz@expandcount=\count285

(C:\Users\MrKoi\AppData\Local\Programs\MiKTeX\tex/generic/pgf/frontendlayer/tik
z/libraries\tikzlibrarytopaths.code.tex
File: tikzlibrarytopaths.code.tex 2023-01-15 v3.1.10 (3.1.10)
)))
(C:\Users\MrKoi\AppData\Local\Programs\MiKTeX\tex/latex/enumitem\enumitem.sty
Package: enumitem 2025/02/06 v3.11 Customized lists
\labelindent=\skip50
\enit@outerparindent=\dimen257
\enit@toks=\toks33
\enit@inbox=\box64
\enit@count@id=\count286
\enitdp@description=\count287
)
(C:\Users\MrKoi\AppData\Local\Programs\MiKTeX\tex/latex/tools\array.sty
Package: array 2023/10/16 v2.5g Tabular extension package (FMi)
\col@sep=\dimen258
\ar@mcellbox=\box65
\extrarowheight=\dimen259
\NC@list=\toks34
\extratabsurround=\skip51
\backup@length=\skip52
\ar@cellbox=\box66
)
(C:\Users\MrKoi\AppData\Local\Programs\MiKTeX\tex/latex/colortbl\colortbl.sty
Package: colortbl 2024/10/29 v1.0k Color table columns (DPC)
\everycr=\toks35
\minrowclearance=\skip53
\rownum=\count288
)
(C:\Users\MrKoi\AppData\Local\Programs\MiKTeX\tex/latex/tools\tabularx.sty
Package: tabularx 2023/07/08 v2.11c `tabularx' package (DPC)
\TX@col@width=\dimen260
\TX@old@table=\dimen261
\TX@old@col=\dimen262
\TX@target=\dimen263
\TX@delta=\dimen264
\TX@cols=\count289
\TX@ftn=\toks36
)
(C:\Users\MrKoi\AppData\Local\Programs\MiKTeX\tex/latex/base\inputenc.sty
Package: inputenc 2021/02/14 v1.3d Input encoding file
\inpenc@prehook=\toks37
\inpenc@posthook=\toks38
)
(C:\Users\MrKoi\AppData\Local\Programs\MiKTeX\tex/generic/babel\babel.sty
Package: babel 2024/01/07 v24.1 The Babel package
\babel@savecnt=\count290
\U@D=\dimen265
\l@unhyphenated=\language79

(C:\Users\MrKoi\AppData\Local\Programs\MiKTeX\tex/generic/babel\txtbabel.def)
\bbl@readstream=\read3
\bbl@dirlevel=\count291

*************************************
* Local config file bblopts.cfg used
*
(C:\Users\MrKoi\AppData\Local\Programs\MiKTeX\tex/latex/arabi\bblopts.cfg
File: bblopts.cfg 2005/09/08 v0.1 add Arabic and Farsi to "declared" options of
 babel
)
(C:\Users\MrKoi\AppData\Local\Programs\MiKTeX\tex/latex/babel-vietnamese\vietna
mese.ldf
Language: vietnamese 


Package babel Warning: No hyphenation patterns were preloaded for
(babel)                the language 'Vietnamese' into the format.
(babel)                Please, configure your TeX system to add them and
(babel)                rebuild the format. Now I will use the patterns
(babel)                preloaded for \language=0 instead on input line 36.

Package babel Info: Hyphen rules for 'vietnamese' set to \l@english
(babel)             (\language0). Reported on input line 37.
Package babel Info: Hyphen rules for 'vietnam' set to \l@english
(babel)             (\language0). Reported on input line 38.
Loading definitions for the Vietnamese font encoding
(C:\Users\MrKoi\AppData\Local\Programs\MiKTeX\tex/latex/vntex\t5enc.def
File: t5enc.def 2006/11/21 v1.4 Vietnamese T5 encoding
LaTeX Font Info:    Redeclaring font encoding T5 on input line 75.
)
Package babel Info: Making " an active character on input line 147.
))
(C:\Users\MrKoi\AppData\Local\Programs\MiKTeX\tex/generic/babel/locale/vi\babel
-vietnamese.tex
Package babel Info: Importing font and identification data for vietnamese
(babel)             from babel-vi.ini. Reported on input line 11.
)
(C:\Users\MrKoi\AppData\Local\Programs\MiKTeX\tex/latex/amsmath\amsmath.sty
Package: amsmath 2023/05/13 v2.17o AMS math features
\@mathmargin=\skip54

For additional information on amsmath, use the `?' option.
(C:\Users\MrKoi\AppData\Local\Programs\MiKTeX\tex/latex/amsmath\amstext.sty
Package: amstext 2021/08/26 v2.01 AMS text

(C:\Users\MrKoi\AppData\Local\Programs\MiKTeX\tex/latex/amsmath\amsgen.sty
File: amsgen.sty 1999/11/30 v2.0 generic functions
\@emptytoks=\toks39
\ex@=\dimen266
))
(C:\Users\MrKoi\AppData\Local\Programs\MiKTeX\tex/latex/amsmath\amsbsy.sty
Package: amsbsy 1999/11/29 v1.2d Bold Symbols
\pmbraise@=\dimen267
)
(C:\Users\MrKoi\AppData\Local\Programs\MiKTeX\tex/latex/amsmath\amsopn.sty
Package: amsopn 2022/04/08 v2.04 operator names
)
\inf@bad=\count292
LaTeX Info: Redefining \frac on input line 234.
\uproot@=\count293
\leftroot@=\count294
LaTeX Info: Redefining \overline on input line 399.
LaTeX Info: Redefining \colon on input line 410.
\classnum@=\count295
\DOTSCASE@=\count296
LaTeX Info: Redefining \ldots on input line 496.
LaTeX Info: Redefining \dots on input line 499.
LaTeX Info: Redefining \cdots on input line 620.
\Mathstrutbox@=\box67
\strutbox@=\box68
LaTeX Info: Redefining \big on input line 722.
LaTeX Info: Redefining \Big on input line 723.
LaTeX Info: Redefining \bigg on input line 724.
LaTeX Info: Redefining \Bigg on input line 725.
\big@size=\dimen268
LaTeX Font Info:    Redeclaring font encoding OML on input line 743.
LaTeX Font Info:    Redeclaring font encoding OMS on input line 744.
\macc@depth=\count297
LaTeX Info: Redefining \bmod on input line 905.
LaTeX Info: Redefining \pmod on input line 910.
LaTeX Info: Redefining \smash on input line 940.
LaTeX Info: Redefining \relbar on input line 970.
LaTeX Info: Redefining \Relbar on input line 971.
\c@MaxMatrixCols=\count298
\dotsspace@=\muskip16
\c@parentequation=\count299
\dspbrk@lvl=\count300
\tag@help=\toks40
\row@=\count301
\column@=\count302
\maxfields@=\count303
\andhelp@=\toks41
\eqnshift@=\dimen269
\alignsep@=\dimen270
\tagshift@=\dimen271
\tagwidth@=\dimen272
\totwidth@=\dimen273
\lineht@=\dimen274
\@envbody=\toks42
\multlinegap=\skip55
\multlinetaggap=\skip56
\mathdisplay@stack=\toks43
LaTeX Info: Redefining \[ on input line 2953.
LaTeX Info: Redefining \] on input line 2954.
)
(C:\Users\MrKoi\AppData\Local\Programs\MiKTeX\tex/latex/amsfonts\amsfonts.sty
Package: amsfonts 2013/01/14 v3.01 Basic AMSFonts support
\symAMSa=\mathgroup6
\symAMSb=\mathgroup7
LaTeX Font Info:    Overwriting math alphabet `\mathfrak' in version `bold'
(Font)                  U/euf/m/n --> U/euf/b/n on input line 106.
)
(C:\Users\MrKoi\AppData\Local\Programs\MiKTeX\tex/latex/amsfonts\amssymb.sty
Package: amssymb 2013/01/14 v3.01 AMS font symbols
)
(C:\Users\MrKoi\AppData\Local\Programs\MiKTeX\tex/latex/tools\longtable.sty
Package: longtable 2023-11-01 v4.19 Multi-page Table package (DPC)
\LTleft=\skip57
\LTright=\skip58
\LTpre=\skip59
\LTpost=\skip60
\LTchunksize=\count304
\LTcapwidth=\dimen275
\LT@head=\box69
\LT@firsthead=\box70
\LT@foot=\box71
\LT@lastfoot=\box72
\LT@gbox=\box73
\LT@cols=\count305
\LT@rows=\count306
\c@LT@tables=\count307
\c@LT@chunks=\count308
\LT@p@ftn=\toks44
)
(C:\Users\MrKoi\AppData\Local\Programs\MiKTeX\tex/latex/multirow\multirow.sty
Package: multirow 2024/11/12 v2.9 Span multiple rows of a table
\multirow@colwidth=\skip61
\multirow@cntb=\count309
\multirow@dima=\skip62
\bigstrutjot=\dimen276
)
(C:\Users\MrKoi\AppData\Local\Programs\MiKTeX\tex/latex/mhchem\mhchem.sty
Package: mhchem 2024/01/29 v4.10 for typesetting chemical formulae

(C:\Users\MrKoi\AppData\Local\Programs\MiKTeX\tex/latex/l3kernel\expl3.sty
Package: expl3 2024-01-04 L3 programming layer (loader) 

(C:\Users\MrKoi\AppData\Local\Programs\MiKTeX\tex/latex/l3backend\l3backend-pdf
tex.def
File: l3backend-pdftex.def 2024-01-04 L3 backend support: PDF output (pdfTeX)
\l__color_backend_stack_int=\count310
\l__pdf_internal_box=\box74
))
(C:\Users\MrKoi\AppData\Local\Programs\MiKTeX\tex/latex/l3packages/l3keys2e\l3k
eys2e.sty
Package: l3keys2e 2023-10-10 LaTeX2e option processing using LaTeX3 keys
)
(C:\Users\MrKoi\AppData\Local\Programs\MiKTeX\tex/latex/tools\calc.sty
Package: calc 2023/07/08 v4.3 Infix arithmetic (KKT,FJ)
\calc@Acount=\count311
\calc@Bcount=\count312
\calc@Adimen=\dimen277
\calc@Bdimen=\dimen278
\calc@Askip=\skip63
\calc@Bskip=\skip64
LaTeX Info: Redefining \setlength on input line 80.
LaTeX Info: Redefining \addtolength on input line 81.
\calc@Ccount=\count313
\calc@Cskip=\skip65
)
(C:\Users\MrKoi\AppData\Local\Programs\MiKTeX\tex/latex/chemgreek\chemgreek.sty

(C:\Users\MrKoi\AppData\Local\Programs\MiKTeX\tex/latex/l3packages/xparse\xpars
e.sty
Package: xparse 2023-10-10 L3 Experimental document command parser
)
Package: chemgreek 2020/01/16 v1.1a interface for upright Greek letters for use
 in chemistry (CN)
\l__chemgreek_tmpa_int=\count314
\g__chemgreek_tmpa_int=\count315
)
\l__mhchem_ce_distanceFromLastComma_int=\count316
\__mhchem_arrow_extPgfLength_skip=\skip66
\mhchem@minispace@tmp=\skip67
\mhchem@minibackspace@tmp=\skip68
\mhchem@bondwidth=\skip69
\mhchem@bondheight=\skip70
\mhchem@smallbondwidth@tmpA=\skip71
\mhchem@smallbondwidth@tmpB=\skip72
\mhchem@smallbondwidth=\skip73
\mhchem@bondtmp@minussidebearingleft=\skip74
\mhchem@bondtmp@minussidebearingright=\skip75
\l__mhchem_option_version_int=\count317
\mhchem@option@minusmathsidebearingleft=\dimen279
\mhchem@option@minusmathsidebearingright=\dimen280
\mhchem@option@minustextsidebearingleft=\dimen281
\mhchem@option@minustextsidebearingright=\dimen282
) (C:\Users\MrKoi\AppData\Local\Programs\MiKTeX\tex/latex/cite\cite.sty
LaTeX Info: Redefining \cite on input line 302.
LaTeX Info: Redefining \nocite on input line 332.
Package: cite 2015/02/27  v 5.5
) (C:\Users\MrKoi\AppData\Local\Programs\MiKTeX\tex/latex/booktabs\booktabs.sty
Package: booktabs 2020/01/12 v1.61803398 Publication quality tables
\heavyrulewidth=\dimen283
\lightrulewidth=\dimen284
\cmidrulewidth=\dimen285
\belowrulesep=\dimen286
\belowbottomsep=\dimen287
\aboverulesep=\dimen288
\abovetopsep=\dimen289
\cmidrulesep=\dimen290
\cmidrulekern=\dimen291
\defaultaddspace=\dimen292
\@cmidla=\count318
\@cmidlb=\count319
\@aboverulesep=\dimen293
\@belowrulesep=\dimen294
\@thisruleclass=\count320
\@lastruleclass=\count321
\@thisrulewidth=\dimen295
)
(C:\Users\MrKoi\AppData\Local\Programs\MiKTeX\tex/generic/pgf/frontendlayer/tik
z/libraries\tikzlibrarycalc.code.tex
File: tikzlibrarycalc.code.tex 2023-01-15 v3.1.10 (3.1.10)
)
(C:\Users\MrKoi\AppData\Local\Programs\MiKTeX\tex/latex/tools\indentfirst.sty
Package: indentfirst 2023/07/02 v1.03 Indent first paragraph (DPC)
)
(C:\Users\MrKoi\AppData\Local\Programs\MiKTeX\tex/latex/titlesec\titlesec.sty
Package: titlesec 2025/01/04 v2.17 Sectioning titles
\ttl@box=\box75
\beforetitleunit=\skip76
\aftertitleunit=\skip77
\ttl@plus=\dimen296
\ttl@minus=\dimen297
\ttl@toksa=\toks45
\titlewidth=\dimen298
\titlewidthlast=\dimen299
\titlewidthfirst=\dimen300
)
(C:\Users\MrKoi\AppData\Local\Programs\MiKTeX\tex/latex/caption\caption.sty
Package: caption 2023/08/05 v3.6o Customizing captions (AR)

(C:\Users\MrKoi\AppData\Local\Programs\MiKTeX\tex/latex/caption\caption3.sty
Package: caption3 2023/07/31 v2.4d caption3 kernel (AR)
\caption@tempdima=\dimen301
\captionmargin=\dimen302
\caption@leftmargin=\dimen303
\caption@rightmargin=\dimen304
\caption@width=\dimen305
\caption@indent=\dimen306
\caption@parindent=\dimen307
\caption@hangindent=\dimen308
Package caption Info: Standard document class detected.
)
\c@caption@flags=\count322
\c@continuedfloat=\count323
Package caption Info: float package is loaded.
Package caption Info: longtable package is loaded.

(C:\Users\MrKoi\AppData\Local\Programs\MiKTeX\tex/latex/caption\ltcaption.sty
Package: ltcaption 2021/01/08 v1.4c longtable captions (AR)
)
Package caption Info: scrextend package is loaded.
\caption@addmargin@hsize=\dimen309
\caption@addmargin@linewidth=\dimen310
)
\c@theorem=\count324
(C:\Users\MrKoi\AppData\Local\Programs\MiKTeX\tex/latex/lipsum\lipsum.sty
Package: lipsum 2021-09-20 v2.7 150 paragraphs of Lorem Ipsum dummy text
\g__lipsum_par_int=\count325
\l__lipsum_a_int=\count326
\l__lipsum_b_int=\count327

(C:\Users\MrKoi\AppData\Local\Programs\MiKTeX\tex/latex/lipsum\lipsum.ltd.tex))
(C:\Users\MrKoi\AppData\Local\Programs\MiKTeX\tex/latex/hyperref\hyperref.sty
Package: hyperref 2023-11-26 v7.01g Hypertext links for LaTeX

(C:\Users\MrKoi\AppData\Local\Programs\MiKTeX\tex/generic/infwarerr\infwarerr.s
ty
Package: infwarerr 2019/12/03 v1.5 Providing info/warning/error messages (HO)
)
(C:\Users\MrKoi\AppData\Local\Programs\MiKTeX\tex/latex/kvsetkeys\kvsetkeys.sty
Package: kvsetkeys 2022-10-05 v1.19 Key value parser (HO)
)
(C:\Users\MrKoi\AppData\Local\Programs\MiKTeX\tex/generic/kvdefinekeys\kvdefine
keys.sty
Package: kvdefinekeys 2019-12-19 v1.6 Define keys (HO)
)
(C:\Users\MrKoi\AppData\Local\Programs\MiKTeX\tex/generic/pdfescape\pdfescape.s
ty
Package: pdfescape 2019/12/09 v1.15 Implements pdfTeX's escape features (HO)

(C:\Users\MrKoi\AppData\Local\Programs\MiKTeX\tex/generic/ltxcmds\ltxcmds.sty
Package: ltxcmds 2023-12-04 v1.26 LaTeX kernel commands for general use (HO)
)
(C:\Users\MrKoi\AppData\Local\Programs\MiKTeX\tex/generic/pdftexcmds\pdftexcmds
.sty
Package: pdftexcmds 2020-06-27 v0.33 Utility functions of pdfTeX for LuaTeX (HO
)
Package pdftexcmds Info: \pdf@primitive is available.
Package pdftexcmds Info: \pdf@ifprimitive is available.
Package pdftexcmds Info: \pdfdraftmode found.
))
(C:\Users\MrKoi\AppData\Local\Programs\MiKTeX\tex/latex/hycolor\hycolor.sty
Package: hycolor 2020-01-27 v1.10 Color options for hyperref/bookmark (HO)
)
(C:\Users\MrKoi\AppData\Local\Programs\MiKTeX\tex/latex/letltxmacro\letltxmacro
.sty
Package: letltxmacro 2019/12/03 v1.6 Let assignment for LaTeX macros (HO)
)
(C:\Users\MrKoi\AppData\Local\Programs\MiKTeX\tex/latex/auxhook\auxhook.sty
Package: auxhook 2019-12-17 v1.6 Hooks for auxiliary files (HO)
)
(C:\Users\MrKoi\AppData\Local\Programs\MiKTeX\tex/latex/hyperref\nameref.sty
Package: nameref 2023-11-26 v2.56 Cross-referencing by name of section

(C:\Users\MrKoi\AppData\Local\Programs\MiKTeX\tex/latex/refcount\refcount.sty
Package: refcount 2019/12/15 v3.6 Data extraction from label references (HO)
)
(C:\Users\MrKoi\AppData\Local\Programs\MiKTeX\tex/generic/gettitlestring\gettit
lestring.sty
Package: gettitlestring 2019/12/15 v1.6 Cleanup title references (HO)

(C:\Users\MrKoi\AppData\Local\Programs\MiKTeX\tex/latex/kvoptions\kvoptions.sty
Package: kvoptions 2022-06-15 v3.15 Key value format for package options (HO)
))
\c@section@level=\count328
)
(C:\Users\MrKoi\AppData\Local\Programs\MiKTeX\tex/latex/etoolbox\etoolbox.sty
Package: etoolbox 2020/10/05 v2.5k e-TeX tools for LaTeX (JAW)
\etb@tempcnta=\count329
)
\@linkdim=\dimen311
\Hy@linkcounter=\count330
\Hy@pagecounter=\count331

(C:\Users\MrKoi\AppData\Local\Programs\MiKTeX\tex/latex/hyperref\pd1enc.def
File: pd1enc.def 2023-11-26 v7.01g Hyperref: PDFDocEncoding definition (HO)
Now handling font encoding PD1 ...
... no UTF-8 mapping file for font encoding PD1
)
(C:\Users\MrKoi\AppData\Local\Programs\MiKTeX\tex/generic/intcalc\intcalc.sty
Package: intcalc 2019/12/15 v1.3 Expandable calculations with integers (HO)
)
\Hy@SavedSpaceFactor=\count332

(C:\Users\MrKoi\AppData\Local\Programs\MiKTeX\tex/latex/hyperref\puenc.def
File: puenc.def 2023-11-26 v7.01g Hyperref: PDF Unicode definition (HO)
Now handling font encoding PU ...
... no UTF-8 mapping file for font encoding PU
)
Package hyperref Info: Option `unicode' set `true' on input line 4064.
Package hyperref Info: Hyper figures OFF on input line 4181.
Package hyperref Info: Link nesting OFF on input line 4186.
Package hyperref Info: Hyper index ON on input line 4189.
Package hyperref Info: Plain pages OFF on input line 4196.
Package hyperref Info: Backreferencing OFF on input line 4201.
Package hyperref Info: Implicit mode ON; LaTeX internals redefined.
Package hyperref Info: Bookmarks ON on input line 4448.
\c@Hy@tempcnt=\count333

(C:\Users\MrKoi\AppData\Local\Programs\MiKTeX\tex/latex/url\url.sty
\Urlmuskip=\muskip17
Package: url 2013/09/16  ver 3.4  Verb mode for urls, etc.
)
LaTeX Info: Redefining \url on input line 4786.
\XeTeXLinkMargin=\dimen312

(C:\Users\MrKoi\AppData\Local\Programs\MiKTeX\tex/generic/bitset\bitset.sty
Package: bitset 2019/12/09 v1.3 Handle bit-vector datatype (HO)

(C:\Users\MrKoi\AppData\Local\Programs\MiKTeX\tex/generic/bigintcalc\bigintcalc
.sty
Package: bigintcalc 2019/12/15 v1.5 Expandable calculations on big integers (HO
)
))
\Fld@menulength=\count334
\Field@Width=\dimen313
\Fld@charsize=\dimen314
Package hyperref Info: Hyper figures OFF on input line 6065.
Package hyperref Info: Link nesting OFF on input line 6070.
Package hyperref Info: Hyper index ON on input line 6073.
Package hyperref Info: backreferencing OFF on input line 6080.
Package hyperref Info: Link coloring OFF on input line 6085.
Package hyperref Info: Link coloring with OCG OFF on input line 6090.
Package hyperref Info: PDF/A mode OFF on input line 6095.

(C:\Users\MrKoi\AppData\Local\Programs\MiKTeX\tex/latex/base\atbegshi-ltx.sty
Package: atbegshi-ltx 2021/01/10 v1.0c Emulation of the original atbegshi
package with kernel methods
)
\Hy@abspage=\count335
\c@Item=\count336
\c@Hfootnote=\count337
)
Package hyperref Info: Driver (autodetected): hpdftex.
(C:\Users\MrKoi\AppData\Local\Programs\MiKTeX\tex/latex/hyperref\hpdftex.def
File: hpdftex.def 2023-11-26 v7.01g Hyperref driver for pdfTeX

(C:\Users\MrKoi\AppData\Local\Programs\MiKTeX\tex/latex/base\atveryend-ltx.sty
Package: atveryend-ltx 2020/08/19 v1.0a Emulation of the original atveryend pac
kage
with kernel methods
)
\Fld@listcount=\count338
\c@bookmark@seq@number=\count339

(C:\Users\MrKoi\AppData\Local\Programs\MiKTeX\tex/latex/rerunfilecheck\rerunfil
echeck.sty
Package: rerunfilecheck 2025-06-21 v1.11 Rerun checks for auxiliary files (HO)

(C:\Users\MrKoi\AppData\Local\Programs\MiKTeX\tex/generic/uniquecounter\uniquec
ounter.sty
Package: uniquecounter 2019/12/15 v1.4 Provide unlimited unique counter (HO)
)
Package uniquecounter Info: New unique counter `rerunfilecheck' on input line 2
84.
)
\Hy@SectionHShift=\skip78
)
(C:\Users\MrKoi\AppData\Local\Programs\MiKTeX\tex/latex/forloop\forloop.sty
Package: forloop 2023/05/03 v3.0 For Loops for LaTeX

(C:\Users\MrKoi\AppData\Local\Programs\MiKTeX\tex/latex/base\ifthen.sty
Package: ifthen 2022/04/13 v1.1d Standard LaTeX ifthen package (DPC)
))
\c@loopcntr=\count340
LaTeX Font Info:    Trying to load font information for T5+ptm on input line 86
.

(C:\Users\MrKoi\AppData\Local\Programs\MiKTeX\tex/latex/vntex\t5ptm.fd
File: t5utm.fd 2005/08/24 Fontinst v1.929 font definitions for T5/ptm.
)
(main.aux)
\openout1 = `main.aux'.

LaTeX Font Info:    Checking defaults for OML/cmm/m/it on input line 86.
LaTeX Font Info:    ... okay on input line 86.
LaTeX Font Info:    Checking defaults for OMS/cmsy/m/n on input line 86.
LaTeX Font Info:    ... okay on input line 86.
LaTeX Font Info:    Checking defaults for OT1/cmr/m/n on input line 86.
LaTeX Font Info:    ... okay on input line 86.
LaTeX Font Info:    Checking defaults for T1/cmr/m/n on input line 86.
LaTeX Font Info:    ... okay on input line 86.
LaTeX Font Info:    Checking defaults for TS1/cmr/m/n on input line 86.
LaTeX Font Info:    ... okay on input line 86.
LaTeX Font Info:    Checking defaults for OMX/cmex/m/n on input line 86.
LaTeX Font Info:    ... okay on input line 86.
LaTeX Font Info:    Checking defaults for U/cmr/m/n on input line 86.
LaTeX Font Info:    ... okay on input line 86.
LaTeX Font Info:    Checking defaults for T5/cmr/m/n on input line 86.
LaTeX Font Info:    ... okay on input line 86.
LaTeX Font Info:    Checking defaults for PD1/pdf/m/n on input line 86.
LaTeX Font Info:    ... okay on input line 86.
LaTeX Font Info:    Checking defaults for PU/pdf/m/n on input line 86.
LaTeX Font Info:    ... okay on input line 86.

*geometry* driver: auto-detecting
*geometry* detected driver: pdftex
*geometry* verbose mode - [ preamble ] result:
* driver: pdftex
* paper: custom
* layout: <same size as paper>
* layoutoffset:(h,v)=(0.0pt,0.0pt)
* modes: 
* h-part:(L,W,R)=(85.35826pt, 455.24411pt, 56.9055pt)
* v-part:(T,H,B)=(56.9055pt, 717.00937pt, 71.13188pt)
* \paperwidth=597.50787pt
* \paperheight=845.04675pt
* \textwidth=455.24411pt
* \textheight=717.00937pt
* \oddsidemargin=13.08827pt
* \evensidemargin=13.08827pt
* \topmargin=-52.36449pt
* \headheight=12.0pt
* \headsep=25.0pt
* \topskip=10.0pt
* \footskip=30.0pt
* \marginparwidth=65.0pt
* \marginparsep=11.0pt
* \columnsep=10.0pt
* \skip\footins=11.69997pt plus 5.19942pt minus 2.60054pt
* \hoffset=0.0pt
* \voffset=0.0pt
* \mag=1000
* \@twocolumnfalse
* \@twosidefalse
* \@mparswitchfalse
* \@reversemarginfalse
* (1in=72.27pt=25.4mm, 1cm=28.453pt)


(C:\Users\MrKoi\AppData\Local\Programs\MiKTeX\tex/context/base/mkii\supp-pdf.mk
ii
[Loading MPS to PDF converter (version 2006.09.02).]
\scratchcounter=\count341
\scratchdimen=\dimen315
\scratchbox=\box76
\nofMPsegments=\count342
\nofMParguments=\count343
\everyMPshowfont=\toks46
\MPscratchCnt=\count344
\MPscratchDim=\dimen316
\MPnumerator=\count345
\makeMPintoPDFobject=\count346
\everyMPtoPDFconversion=\toks47
)
(C:\Users\MrKoi\AppData\Local\Programs\MiKTeX\tex/latex/epstopdf-pkg\epstopdf-b
ase.sty
Package: epstopdf-base 2020-01-24 v2.11 Base part for package epstopdf
Package epstopdf-base Info: Redefining graphics rule for `.eps' on input line 4
85.

(C:\Users\MrKoi\AppData\Local\Programs\MiKTeX\tex/latex/00miktex\epstopdf-sys.c
fg
File: epstopdf-sys.cfg 2021/03/18 v2.0 Configuration of epstopdf for MiKTeX
))

Package chemgreek Info: Activating mapping `default' on line 86.

Package caption Info: Begin \AtBeginDocument code.
Package caption Info: hyperref package is loaded.
Package caption Info: End \AtBeginDocument code.
Package hyperref Info: Link coloring OFF on input line 86.
 (main.out) (main.out)
\@outlinefile=\write4
\openout4 = `main.out'.

 (Bia.tex
<Images/logodhbk.png, id=251, 184.69pt x 275.0275pt>
File: Images/logodhbk.png Graphic file (type png)
<use Images/logodhbk.png>
Package pdftex.def Info: Images/logodhbk.png  used on input line 18.
(pdftex.def)             Requested size: 102.62251pt x 151.04736pt.
LaTeX Font Info:    Calculating math sizes for size <13> on input line 36.
LaTeX Font Info:    Trying to load font information for OT1+ztmcm on input line
 36.

(C:\Users\MrKoi\AppData\Local\Programs\MiKTeX\tex/latex/psnfss\ot1ztmcm.fd
File: ot1ztmcm.fd 2000/01/03 Fontinst v1.801 font definitions for OT1/ztmcm.
)
LaTeX Font Info:    Trying to load font information for OML+ztmcm on input line
 36.

(C:\Users\MrKoi\AppData\Local\Programs\MiKTeX\tex/latex/psnfss\omlztmcm.fd
File: omlztmcm.fd 2000/01/03 Fontinst v1.801 font definitions for OML/ztmcm.
)
LaTeX Font Info:    Trying to load font information for OMS+ztmcm on input line
 36.

(C:\Users\MrKoi\AppData\Local\Programs\MiKTeX\tex/latex/psnfss\omsztmcm.fd
File: omsztmcm.fd 2000/01/03 Fontinst v1.801 font definitions for OMS/ztmcm.
)
LaTeX Font Info:    Trying to load font information for OMX+ztmcm on input line
 36.

(C:\Users\MrKoi\AppData\Local\Programs\MiKTeX\tex/latex/psnfss\omxztmcm.fd
File: omxztmcm.fd 2000/01/03 Fontinst v1.801 font definitions for OMX/ztmcm.
)
LaTeX Font Info:    Trying to load font information for OT1+ptm on input line 3
6.

(C:\Users\MrKoi\AppData\Local\Programs\MiKTeX\tex/latex/psnfss\ot1ptm.fd
File: ot1ptm.fd 2001/06/04 font definitions for OT1/ptm.
)
LaTeX Font Info:    Font shape `OT1/ptm/bx/n' in size <13> not available
(Font)              Font shape `OT1/ptm/b/n' tried instead on input line 36.
LaTeX Font Info:    Font shape `OT1/ptm/bx/n' in size <9.62007> not available
(Font)              Font shape `OT1/ptm/b/n' tried instead on input line 36.
LaTeX Font Info:    Font shape `OT1/ptm/bx/n' in size <7.80008> not available
(Font)              Font shape `OT1/ptm/b/n' tried instead on input line 36.

[1

{C:/Users/MrKoi/AppData/Local/MiKTeX/fonts/map/pdftex/pdftex.map}{C:/Users/MrKo
i/AppData/Local/Programs/MiKTeX/fonts/enc/dvips/vntex/t5.enc} <./Images/logodhb
k.png>]) (LoiNoiDau.tex
pdfTeX warning (ext4): destination with the same identifier (name{page.1}) has 
been already used, duplicate ignored
<to be read again> 
                   \relax 
l.10 \cleardoublepage
                      [1]) (main.toc [2


] [3])
\tf@toc=\write5
\openout5 = `main.toc'.

 [4] (Abbreviations.tex
pdfTeX warning (ext4): destination with the same identifier (name{page.1}) has 
been already used, duplicate ignored
<to be read again> 
                   \relax 
l.7 \newpage
             [1


]) (main.lof
pdfTeX warning (ext4): destination with the same identifier (name{page.2}) has 
been already used, duplicate ignored
<to be read again> 
                   \relax 
l.30 ... (Máş·t dĆ°á»›i).}}{42}{figure.caption.60}
                                                  % [2])
\tf@lof=\write6
\openout6 = `main.lof'.


pdfTeX warning (ext4): destination with the same identifier (name{page.3}) has 
been already used, duplicate ignored
<to be read again> 
                   \relax 
l.107 \newpage
               [3] (main.lot)
\tf@lot=\write7
\openout7 = `main.lot'.


pdfTeX warning (ext4): destination with the same identifier (name{page.4}) has 
been already used, duplicate ignored
<to be read again> 
                   \relax 
l.114 \newpage
               [4] (Abstract.tex [5])
LaTeX Font Info:    Trying to load font information for TS1+ptm on input line 1
29.

(C:\Users\MrKoi\AppData\Local\Programs\MiKTeX\tex/latex/psnfss\ts1ptm.fd
File: ts1ptm.fd 2001/06/04 font definitions for TS1/ptm.
)
<Images/SimpleModule.jpg, id=477, 4111.36pt x 3083.52pt>
File: Images/SimpleModule.jpg Graphic file (type jpg)
<use Images/SimpleModule.jpg>
Package pdftex.def Info: Images/SimpleModule.jpg  used on input line 139.
(pdftex.def)             Requested size: 227.62206pt x 170.69981pt.

[6


{C:/Users/MrKoi/AppData/Local/Programs/MiKTeX/fonts/enc/dvips/base/8r.enc}]
[7 <./Images/SimpleModule.jpg>] [8] [9] [10]
LaTeX Font Info:    Trying to load font information for T5+cmtt on input line 2
45.

(C:\Users\MrKoi\AppData\Local\Programs\MiKTeX\tex/latex/vntex\t5cmtt.fd
File: t5cmtt.fd 1999/05/25 v2.5h Standard LaTeX font definitions
)
LaTeX Font Info:    Font shape `T5/cmtt/bx/n' in size <13> not available
(Font)              Font shape `T5/cmtt/m/n' tried instead on input line 246.

[11] [12] [13] [14] [15]
<Images/SoDoHeThong.png, id=531, 1541.76pt x 1027.84pt>
File: Images/SoDoHeThong.png Graphic file (type png)
<use Images/SoDoHeThong.png>
Package pdftex.def Info: Images/SoDoHeThong.png  used on input line 380.
(pdftex.def)             Requested size: 455.24411pt x 303.49248pt.
 [16 <./Images/SoDoHeThong.png (PNG copy)>] [17]
<Images/ESP32WR.jpg, id=540, 1505.625pt x 1244.65pt>
File: Images/ESP32WR.jpg Graphic file (type jpg)
<use Images/ESP32WR.jpg>
Package pdftex.def Info: Images/ESP32WR.jpg  used on input line 449.
(pdftex.def)             Requested size: 182.09486pt x 150.52904pt.

[18 <./Images/ESP32WR.jpg>]
<Images/DS3231.jpg, id=547, 216.81pt x 233.87375pt>
File: Images/DS3231.jpg Graphic file (type jpg)
<use Images/DS3231.jpg>
Package pdftex.def Info: Images/DS3231.jpg  used on input line 485.
(pdftex.def)             Requested size: 227.62206pt x 245.54967pt.
 [19 <./Images/DS3231.jpg>]
<Images/SdCard.jpg, id=554, 1003.75pt x 832.10875pt>
File: Images/SdCard.jpg Graphic file (type jpg)
<use Images/SdCard.jpg>
Package pdftex.def Info: Images/SdCard.jpg  used on input line 517.
(pdftex.def)             Requested size: 227.62206pt x 188.68922pt.
 [20 <./Images/SdCard.jpg>]
<Images/ip5306.png, id=561, 813.0375pt x 813.0375pt>
File: Images/ip5306.png Graphic file (type png)
<use Images/ip5306.png>
Package pdftex.def Info: Images/ip5306.png  used on input line 556.
(pdftex.def)             Requested size: 227.62206pt x 227.61172pt.
 [21 <./Images/ip5306.png>]
<Images/PinLithium.jpg, id=568, 602.25pt x 602.25pt>
File: Images/PinLithium.jpg Graphic file (type jpg)
<use Images/PinLithium.jpg>
Package pdftex.def Info: Images/PinLithium.jpg  used on input line 612.
(pdftex.def)             Requested size: 227.62206pt x 227.62596pt.
 [22] [23 <./Images/PinLithium.jpg>]
<Images/SSD1306.jpg, id=578, 526.96875pt x 526.96875pt>
File: Images/SSD1306.jpg Graphic file (type jpg)
<use Images/SSD1306.jpg>
Package pdftex.def Info: Images/SSD1306.jpg  used on input line 648.
(pdftex.def)             Requested size: 136.57462pt x 136.57443pt.
 [24 <./Images/SSD1306.jpg>]
<Images/AMS1117.jpg, id=584, 225.84375pt x 225.84375pt>
File: Images/AMS1117.jpg Graphic file (type jpg)
<use Images/AMS1117.jpg>
Package pdftex.def Info: Images/AMS1117.jpg  used on input line 684.
(pdftex.def)             Requested size: 182.09486pt x 182.10536pt.
 [25 <./Images/AMS1117.jpg>]
<Images/ili9341.jpg, id=590, 1003.75pt x 1003.75pt>
File: Images/ili9341.jpg Graphic file (type jpg)
<use Images/ili9341.jpg>
Package pdftex.def Info: Images/ili9341.jpg  used on input line 718.
(pdftex.def)             Requested size: 182.09486pt x 182.09158pt.
 [26 <./Images/ili9341.jpg>]
<Images/pcf8574.jpg, id=598, 201.75375pt x 251.94125pt>
File: Images/pcf8574.jpg Graphic file (type jpg)
<use Images/pcf8574.jpg>
Package pdftex.def Info: Images/pcf8574.jpg  used on input line 750.
(pdftex.def)             Requested size: 182.09486pt x 227.39471pt.
 [27 <./Images/pcf8574.jpg>]
<Images/ao3400_1.jpg, id=604, 1003.75pt x 931.48pt>
File: Images/ao3400_1.jpg Graphic file (type jpg)
<use Images/ao3400_1.jpg>
Package pdftex.def Info: Images/ao3400_1.jpg  used on input line 785.
(pdftex.def)             Requested size: 182.09486pt x 168.98099pt.
 [28 <./Images/ao3400_1.jpg>]
<Images/ch340c.jpg, id=611, 239.89626pt x 211.79124pt>
File: Images/ch340c.jpg Graphic file (type jpg)
<use Images/ch340c.jpg>
Package pdftex.def Info: Images/ch340c.jpg  used on input line 816.
(pdftex.def)             Requested size: 182.09486pt x 160.76265pt.
 [29 <./Images/ch340c.jpg>]
<Images/bss138.jpg, id=617, 258.9675pt x 196.735pt>
File: Images/bss138.jpg Graphic file (type jpg)
<use Images/bss138.jpg>
Package pdftex.def Info: Images/bss138.jpg  used on input line 848.
(pdftex.def)             Requested size: 182.09486pt x 138.34094pt.

[30 <./Images/bss138.jpg>] [31]
Underfull \hbox (badness 10000) in paragraph at lines 917--918

 []

<Images/KhoiMCU.png, id=626, 378.213pt x 241.50224pt>
File: Images/KhoiMCU.png Graphic file (type png)
<use Images/KhoiMCU.png>
Package pdftex.def Info: Images/KhoiMCU.png  used on input line 921.
(pdftex.def)             Requested size: 364.19667pt x 232.56544pt.
<Images/KhoiNguon.png, id=627, 179.4705pt x 187.29974pt>
File: Images/KhoiNguon.png Graphic file (type png)
<use Images/KhoiNguon.png>
Package pdftex.def Info: Images/KhoiNguon.png  used on input line 934.
(pdftex.def)             Requested size: 409.71692pt x 427.59084pt.
[32 <./Images/KhoiMCU.png>] [33 <./Images/KhoiNguon.png>]
<Images/KhoiPeripheral.png, id=639, 422.7795pt x 327.02174pt>
File: Images/KhoiPeripheral.png Graphic file (type png)
<use Images/KhoiPeripheral.png>
Package pdftex.def Info: Images/KhoiPeripheral.png  used on input line 960.
(pdftex.def)             Requested size: 409.71692pt x 316.93625pt.
 [34 <./Images/KhoiPeripheral.png>]
<Images/KhoiControlPeripheral.png, id=645, 320.99925pt x 354.123pt>
File: Images/KhoiControlPeripheral.png Graphic file (type png)
<use Images/KhoiControlPeripheral.png>
Package pdftex.def Info: Images/KhoiControlPeripheral.png  used on input line 9
78.
(pdftex.def)             Requested size: 409.71692pt x 452.03307pt.
 [35] [36 <./Images/KhoiControlPeripheral.png>]
<Images/TopLayer.png, id=655, 353.52075pt x 405.31425pt>
File: Images/TopLayer.png Graphic file (type png)
<use Images/TopLayer.png>
Package pdftex.def Info: Images/TopLayer.png  used on input line 998.
(pdftex.def)             Requested size: 218.51521pt x 250.53152pt.
<Images/BotLayer.png, id=656, 352.9185pt x 403.5075pt>
File: Images/BotLayer.png Graphic file (type png)
<use Images/BotLayer.png>
Package pdftex.def Info: Images/BotLayer.png  used on input line 1005.
(pdftex.def)             Requested size: 218.51521pt x 249.84573pt.
<Images/3DTopLayer.png, id=657, 338.4645pt x 380.622pt>
File: Images/3DTopLayer.png Graphic file (type png)
<use Images/3DTopLayer.png>
Package pdftex.def Info: Images/3DTopLayer.png  used on input line 1016.
(pdftex.def)             Requested size: 218.51521pt x 245.73451pt.
<Images/3DBotLayer.png, id=658, 311.36325pt x 353.52075pt>
File: Images/3DBotLayer.png Graphic file (type png)
<use Images/3DBotLayer.png>
Package pdftex.def Info: Images/3DBotLayer.png  used on input line 1022.
(pdftex.def)             Requested size: 218.51521pt x 248.09935pt.
 [37 <./Images/TopLayer.png> <./Images/BotLayer.png>] [38 <./Images/3DTopLayer.
png> <./Images/3DBotLayer.png>]
Underfull \hbox (badness 10000) in paragraph at lines 1064--1065

 []

<Images/KhoiTypeC_Debug-gateway.png, id=672, 548.64975pt x 242.1045pt>
File: Images/KhoiTypeC_Debug-gateway.png Graphic file (type png)
<use Images/KhoiTypeC_Debug-gateway.png>
Package pdftex.def Info: Images/KhoiTypeC_Debug-gateway.png  used on input line
 1068.
(pdftex.def)             Requested size: 364.19667pt x 160.7167pt.
[39 <./Images/KhoiTypeC_Debug-gateway.png>]
<Images/KhoiControl-GateWay.png, id=678, 500.46976pt x 240.9pt>
File: Images/KhoiControl-GateWay.png Graphic file (type png)
<use Images/KhoiControl-GateWay.png>
Package pdftex.def Info: Images/KhoiControl-GateWay.png  used on input line 108
2.
(pdftex.def)             Requested size: 409.71692pt x 197.22682pt.
<Images/KhoiPeripheral-GateWay.png, id=679, 564.30824pt x 308.352pt>
File: Images/KhoiPeripheral-GateWay.png Graphic file (type png)
<use Images/KhoiPeripheral-GateWay.png>
Package pdftex.def Info: Images/KhoiPeripheral-GateWay.png  used on input line 
1095.
(pdftex.def)             Requested size: 409.71692pt x 223.88588pt.
 [40 <./Images/KhoiControl-GateWay.png>] [41 <./Images/KhoiPeripheral-GateWay.p
ng>]
<Images/TopLayer-GateWay.png, id=690, 317.988pt x 392.06474pt>
File: Images/TopLayer-GateWay.png Graphic file (type png)
<use Images/TopLayer-GateWay.png>
Package pdftex.def Info: Images/TopLayer-GateWay.png  used on input line 1115.
(pdftex.def)             Requested size: 218.51521pt x 269.41821pt.
<Images/BotLayer-Gateway.png, id=691, 322.20375pt x 398.08725pt>
File: Images/BotLayer-Gateway.png Graphic file (type png)
<use Images/BotLayer-Gateway.png>
Package pdftex.def Info: Images/BotLayer-Gateway.png  used on input line 1121.
(pdftex.def)             Requested size: 218.51521pt x 269.99112pt.
<Images/3DTopLayer-Gateway.png, id=692, 258.9675pt x 350.5095pt>
File: Images/3DTopLayer-Gateway.png Graphic file (type png)
<use Images/3DTopLayer-Gateway.png>
Package pdftex.def Info: Images/3DTopLayer-Gateway.png  used on input line 1131
.
(pdftex.def)             Requested size: 218.51521pt x 295.7684pt.
<Images/3DBotLayer-gateway.png, id=693, 245.11575pt x 332.442pt>
File: Images/3DBotLayer-gateway.png Graphic file (type png)
<use Images/3DBotLayer-gateway.png>
Package pdftex.def Info: Images/3DBotLayer-gateway.png  used on input line 1137
.
(pdftex.def)             Requested size: 218.51521pt x 296.36955pt.
 [42 <./Images/TopLayer-GateWay.png> <./Images/BotLayer-Gateway.png>]
Underfull \hbox (badness 10000) in paragraph at lines 1145--1146

 []

<Images/MSMS_Architecture.png, id=700, 1117.17375pt x 1419.3025pt>
File: Images/MSMS_Architecture.png Graphic file (type png)
<use Images/MSMS_Architecture.png>
Package pdftex.def Info: Images/MSMS_Architecture.png  used on input line 1151.

(pdftex.def)             Requested size: 455.24411pt x 578.36609pt.
[43 <./Images/3DTopLayer-Gateway.png> <./Images/3DBotLayer-gateway.png>]
[44 <./Images/MSMS_Architecture.png (PNG copy)>]
<Images/websever.jpg, id=712, 831.105pt x 1798.72pt>
File: Images/websever.jpg Graphic file (type jpg)
<use Images/websever.jpg>
Package pdftex.def Info: Images/websever.jpg  used on input line 1170.
(pdftex.def)             Requested size: 227.62206pt x 492.63223pt.

Underfull \hbox (badness 2409) in paragraph at lines 1167--1173
[]\T5/ptm/b/n/13 T¦ng M¤ng (Net-work Layer): \T5/ptm/m/n/13 ^^^Łm nhŞn cˇc k¸t 
nči khćng dĄy. Gçm
 []


Underfull \hbox (badness 10000) in paragraph at lines 1167--1173
\T5/cmtt/m/n/13 InternetManager \T5/ptm/m/n/13 (^^_i·u phči mˇy tr¤ng thˇi m¤ng
), \T5/cmtt/m/n/13 WifiManager
 []


Underfull \hbox (badness 10000) in paragraph at lines 1167--1173
\T5/ptm/m/n/13 (k¸t nči AP/STA), \T5/cmtt/m/n/13 MeshManager \T5/ptm/m/n/13 (^^
_ŕnh tuy¸n m¤ng Mesh) v  khči
 []

[45] [46 <./Images/websever.jpg>]
<Images/SwitchUART.png, id=727, 1027.84pt x 1541.76pt>
File: Images/SwitchUART.png Graphic file (type png)
<use Images/SwitchUART.png>
Package pdftex.def Info: Images/SwitchUART.png  used on input line 1198.
(pdftex.def)             Requested size: 455.24411pt x 682.86984pt.
 [47]
Underfull \hbox (badness 1337) in paragraph at lines 1202--1203
\T5/cmtt/m/n/13 wifi_mesh_join_as_root_callback() \T5/ptm/m/n/13 ^^_ş thi¸t lŞp
 ch¸ ^^_ë ROOT. ^^^çng thíi,
 []

[48 <./Images/SwitchUART.png (PNG copy)>]
<Images/FlowNode.png, id=736, 982.67125pt x 1613.02625pt>
File: Images/FlowNode.png Graphic file (type png)
<use Images/FlowNode.png>
Package pdftex.def Info: Images/FlowNode.png  used on input line 1206.
(pdftex.def)             Requested size: 455.24411pt x 747.26822pt.
 [49]
Overfull \vbox (57.34084pt too high) has occurred while \output is active []


[50 <./Images/FlowNode.png (PNG copy)>]
<Images/FLOW_Root.png, id=746, 1538.74875pt x 1029.8475pt>
File: Images/FLOW_Root.png Graphic file (type png)
<use Images/FLOW_Root.png>
Package pdftex.def Info: Images/FLOW_Root.png  used on input line 1214.
(pdftex.def)             Requested size: 455.24411pt x 304.68237pt.
<Images/mesh-routing-tables.png, id=747, 803.0pt x 401.5pt>
File: Images/mesh-routing-tables.png Graphic file (type png)
<use Images/mesh-routing-tables.png>
Package pdftex.def Info: Images/mesh-routing-tables.png  used on input line 122
4.
(pdftex.def)             Requested size: 364.19667pt x 182.10077pt.
 [51 <./Images/FLOW_Root.png (PNG copy)>] [52 <./Images/mesh-routing-tables.png
>]
Underfull \hbox (badness 10000) in paragraph at lines 1246--1247

 []

<Images/Gateway_Architecture.png, id=759, 1541.76pt x 1027.84pt>
File: Images/Gateway_Architecture.png Graphic file (type png)
<use Images/Gateway_Architecture.png>
Package pdftex.def Info: Images/Gateway_Architecture.png  used on input line 12
54.
(pdftex.def)             Requested size: 455.24411pt x 303.49248pt.
[53 <./Images/Gateway_Architecture.png (PNG copy)>]
<Images/FlowGateWay.png, id=767, 1616.0375pt x 980.66376pt>
File: Images/FlowGateWay.png Graphic file (type png)
<use Images/FlowGateWay.png>
Package pdftex.def Info: Images/FlowGateWay.png  used on input line 1275.
(pdftex.def)             Requested size: 455.24411pt x 276.24495pt.
 [54]
Underfull \hbox (badness 1127) in paragraph at lines 1282--1283
[]\T5/ptm/b/n/13 Task Xű lţ & M¤ng (\T5/cmtt/m/n/13 WebSocket_Handler\T5/ptm/b/
n/13 ): \T5/ptm/m/n/13 Th÷íng trüc ^^_ĺc dú li»u tř
 []


Underfull \hbox (badness 10000) in paragraph at lines 1285--1286

 []

[55 <./Images/FlowGateWay.png (PNG copy)>]
<Images/Software_Architecture.png, id=782, 1541.76pt x 1027.84pt>
File: Images/Software_Architecture.png Graphic file (type png)
<use Images/Software_Architecture.png>
Package pdftex.def Info: Images/Software_Architecture.png  used on input line 1
293.
(pdftex.def)             Requested size: 364.19667pt x 242.79712pt.
 [56 <./Images/Software_Architecture.png>] [57] [58] [59]
<Images/setup1.jpg, id=803, 1188.44pt x 2569.6pt>
File: Images/setup1.jpg Graphic file (type jpg)
<use Images/setup1.jpg>
Package pdftex.def Info: Images/setup1.jpg  used on input line 1406.
(pdftex.def)             Requested size: 145.68144pt x 314.965pt.
<Images/setup2.jpg, id=804, 1188.44pt x 2569.6pt>
File: Images/setup2.jpg Graphic file (type jpg)
<use Images/setup2.jpg>
Package pdftex.def Info: Images/setup2.jpg  used on input line 1411.
(pdftex.def)             Requested size: 145.68144pt x 314.965pt.
<Images/setup3.jpg, id=805, 1188.44pt x 2569.6pt>
File: Images/setup3.jpg Graphic file (type jpg)
<use Images/setup3.jpg>
Package pdftex.def Info: Images/setup3.jpg  used on input line 1416.
(pdftex.def)             Requested size: 145.68144pt x 314.965pt.
 [60]
<Images/Main Dashboard.png, id=814, 1445.4pt x 813.0375pt>
File: Images/Main Dashboard.png Graphic file (type png)
<use Images/Main Dashboard.png>
Package pdftex.def Info: Images/Main Dashboard.png  used on input line 1427.
(pdftex.def)             Requested size: 364.19667pt x 204.85924pt.
 [61 <./Images/setup1.jpg> <./Images/setup2.jpg> <./Images/setup3.jpg>]
<Images/Node Dashboard.png, id=819, 1445.4pt x 813.0375pt>
File: Images/Node Dashboard.png Graphic file (type png)
<use Images/Node Dashboard.png>
Package pdftex.def Info: Images/Node Dashboard.png  used on input line 1435.
(pdftex.def)             Requested size: 218.51521pt x 122.90561pt.
<Images/NodeDetailDashboard.png, id=820, 1445.4pt x 813.0375pt>
File: Images/NodeDetailDashboard.png Graphic file (type png)
<use Images/NodeDetailDashboard.png>
Package pdftex.def Info: Images/NodeDetailDashboard.png  used on input line 144
0.
(pdftex.def)             Requested size: 218.51521pt x 122.90561pt.
<Images/logData.png, id=821, 839.38594pt x 472.76625pt>
File: Images/logData.png Graphic file (type png)
<use Images/logData.png>
Package pdftex.def Info: Images/logData.png  used on input line 1447.
(pdftex.def)             Requested size: 364.19667pt x 205.12505pt.
 [62 <./Images/Main Dashboard.png> <./Images/Node Dashboard.png> <./Images/Node
DetailDashboard.png> <./Images/logData.png>]
<Images/PKL_10ms.png, id=832, 829.59938pt x 507.39563pt>
File: Images/PKL_10ms.png Graphic file (type png)
<use Images/PKL_10ms.png>
Package pdftex.def Info: Images/PKL_10ms.png  used on input line 1465.
(pdftex.def)             Requested size: 218.51521pt x 133.64627pt.
<Images/PKL_100hz.png, id=833, 1036.62282pt x 626.34pt>
File: Images/PKL_100hz.png Graphic file (type png)
<use Images/PKL_100hz.png>
Package pdftex.def Info: Images/PKL_100hz.png  used on input line 1470.
(pdftex.def)             Requested size: 218.51521pt x 132.02269pt.
LaTeX Font Info:    Calculating math sizes for size <11.86258> on input line 15
06.
LaTeX Font Info:    Font shape `OT1/ptm/bx/n' in size <11.86258> not available
(Font)              Font shape `OT1/ptm/b/n' tried instead on input line 1506.
LaTeX Font Info:    Font shape `OT1/ptm/bx/n' in size <8.77837> not available
(Font)              Font shape `OT1/ptm/b/n' tried instead on input line 1506.
LaTeX Font Info:    Font shape `OT1/ptm/bx/n' in size <7.11761> not available
(Font)              Font shape `OT1/ptm/b/n' tried instead on input line 1506.
 [63 <./Images/PKL_10ms.png> <./Images/PKL_100hz.png>]
Underfull \hbox (badness 10000) in paragraph at lines 1521--1522
[]\T5/ptm/b/n/13 Web Dash-board & Mo-bile App\T5/ptm/m/n/13 : XĄy düng th nh cć
ng mˇy chő
 []

[64] [65]
No file main.bbl.
(main.aux)
 ***********
LaTeX2e <2023-11-01> patch level 1
L3 programming layer <2024-01-04>
 ***********


LaTeX Warning: Label(s) may have changed. Rerun to get cross-references right.

Package rerunfilecheck Info: File `main.out' has not changed.
(rerunfilecheck)             Checksum: 7B399F52F24DBC36CA1FC87601FB2CB4;15331.
 ) 
Here is how much of TeX's memory you used:
 28297 strings out of 474485
 531540 string characters out of 5743734
 1938542 words of memory out of 5000000
 49830 multiletter control sequences out of 15000+600000
 632141 words of font info for 129 fonts, out of 8000000 for 9000
 1141 hyphenation exceptions out of 8191
 108i,15n,107p,951b,703s stack positions out of 10000i,1000n,20000p,200000b,200000s
<C:/Users/MrKoi/AppData/Local/Programs/MiKTeX/fonts/type1/public/amsfonts/cm/
cmmi10.pfb><C:/Users/MrKoi/AppData/Local/Programs/MiKTeX/fonts/type1/public/ams
fonts/cm/cmr10.pfb><C:/Users/MrKoi/AppData/Local/Programs/MiKTeX/fonts/type1/pu
blic/amsfonts/cm/cmsy10.pfb><C:/Users/MrKoi/AppData/Local/Programs/MiKTeX/fonts
/type1/urw/symbol/usyr.pfb><C:/Users/MrKoi/AppData/Local/Programs/MiKTeX/fonts/
type1/urw/symbol/usyr.pfb><C:/Users/MrKoi/AppData/Local/Programs/MiKTeX/fonts/t
ype1/vntex/urwvn/utmb8v.pfb><C:/Users/MrKoi/AppData/Local/Programs/MiKTeX/fonts
/type1/vntex/urwvn/utmbi8v.pfb><C:/Users/MrKoi/AppData/Local/Programs/MiKTeX/fo
nts/type1/urw/times/utmr8a.pfb><C:/Users/MrKoi/AppData/Local/Programs/MiKTeX/fo
nts/type1/vntex/urwvn/utmr8v.pfb><C:/Users/MrKoi/AppData/Local/Programs/MiKTeX/
fonts/type1/urw/times/utmri8a.pfb><C:/Users/MrKoi/AppData/Local/Programs/MiKTeX
/fonts/type1/vntex/urwvn/utmri8v.pfb><C:/Users/MrKoi/AppData/Local/Programs/MiK
TeX/fonts/type1/vntex/vnr/vntt12.pfb>
Output written on main.pdf (70 pages, 17103032 bytes).
PDF statistics:
 952 PDF objects out of 1000 (max. 8388607)
 218 named destinations out of 1000 (max. 500000)
 749 words of extra memory for PDF output out of 10000 (max. 10000000)

