\BOOKMARK [1][-]{section*.3}{\376\377\000\040\000D\000A\000N\000H\000\040\000M\036\344\000C\000\040\000K\000\335\000\040\000H\000I\036\306\000U\000\040\000V\000\300\000\040\000C\000H\036\356\000\040\000V\000I\036\276\000T\000\040\000T\036\256\000T}{}% 1
\BOOKMARK [1][-]{section*.4}{\376\377\000\040\000D\000A\000N\000H\000\040\000M\036\344\000C\000\040\000H\000\314\000N\000H\000\040\036\242\000N\000H}{}% 2
\BOOKMARK [1][-]{section*.5}{\376\377\000\040\000D\000A\000N\000H\000\040\000M\036\344\000C\000\040\000B\036\242\000N\000G\000\040\000B\000I\036\302\000U}{}% 3
\BOOKMARK [1][-]{section*.6}{\376\377\000\040\000T\000\323\000M\000\040\000T\036\256\000T\000\040\000D\036\360\000\040\000\301\000N}{}% 4
\BOOKMARK [1][-]{section*.6}{\376\377\000C\000H\001\257\001\240\000N\000G\000\040\0001\000.\000\040\000C\000H\001\257\001\240\000N\000G\000\040\000M\036\336\000\040\001\020\036\246\000U}{}% 5
\BOOKMARK [2][-]{subsection.1.1}{\376\377\000G\000i\036\333\000i\000\040\000t\000h\000i\036\307\000u\000\040\000v\036\245\000n\000\040\001\021\036\301\000\040\000v\000\340\000\040\000g\000i\036\243\000i\000\040\000p\000h\000\341\000p}{section*.6}% 6
\BOOKMARK [2][-]{subsection.1.2}{\376\377\000M\036\345\000c\000\040\000t\000i\000\352\000u\000\040\000v\000\340\000\040\000p\000h\036\241\000m\000\040\000v\000i\000\040\000c\036\347\000a\000\040\000d\036\361\000\040\000\341\000n}{section*.6}% 7
\BOOKMARK [2][-]{subsection.1.3}{\376\377\000T\000\363\000m\000\040\000t\036\257\000t\000\040\000c\036\245\000u\000\040\000t\000r\000\372\000c\000\040\000d\036\361\000\040\000\341\000n}{section*.6}% 8
\BOOKMARK [1][-]{subsection.1.3}{\376\377\000C\000H\001\257\001\240\000N\000G\000\040\0002\000.\000\040\000P\000H\000\302\000N\000\040\000T\000\315\000C\000H\000\040\000Y\000\312\000U\000\040\000C\036\246\000U\000\040\000K\001\050\000\040\000T\000H\000U\036\254\000T}{}% 9
\BOOKMARK [2][-]{subsection.2.1}{\376\377\000C\000\341\000c\000\040\000t\000r\001\260\036\335\000n\000g\000\040\000d\036\357\000\040\000l\000i\036\307\000u\000\040\000v\000\340\000\040\000l\000o\036\241\000i\000\040\000c\036\243\000m\000\040\000b\000i\036\277\000n}{subsection.1.3}% 10
\BOOKMARK [2][-]{subsection.2.2}{\376\377\000T\036\321\000c\000\040\001\021\036\331\000\040\000l\036\245\000y\000\040\000m\036\253\000u\000\040\000v\000\340\000\040\000g\000i\036\333\000i\000\040\000h\036\241\000n\000\040\000t\000r\000u\000y\036\301\000n\000\040\000d\036\357\000\040\000l\000i\036\307\000u}{subsection.1.3}% 11
\BOOKMARK [3][-]{subsubsection.2.2.1}{\376\377\000T\036\321\000c\000\040\001\021\036\331\000\040\000l\036\245\000y\000\040\000m\036\253\000u\000\040\000t\036\241\000i\000\040\000n\000o\000d\000e\000\040\000M\000S\000M\000S}{subsection.2.2}% 12
\BOOKMARK [3][-]{subsubsection.2.2.2}{\376\377\000T\036\321\000c\000\040\001\021\036\331\000\040\000t\000r\000u\000y\036\301\000n\000\040\000q\000u\000a\000\040\000W\000i\000-\000F\000i\000\040\000M\000e\000s\000h\000\040\000v\000\340\000\040\000x\036\355\000\040\000l\000\375\000\040\000t\036\241\000i\000\040\000R\000o\000o\000t\000\040\000-\000\040\000G\000a\000t\000e\000w\000a\000y}{subsection.2.2}% 13
\BOOKMARK [3][-]{subsubsection.2.2.3}{\376\377\000P\000h\000\342\000n\000\040\000t\000\355\000c\000h\000\040\000v\000\340\000\040\000t\000\355\000n\000h\000\040\000t\000o\000\341\000n\000\040\000g\000i\036\333\000i\000\040\000h\036\241\000n\000\040\000t\036\321\000c\000\040\001\021\036\331\000\040\000t\000o\000\340\000n\000\040\000h\036\307\000\040\000t\000h\036\321\000n\000g}{subsection.2.2}% 14
\BOOKMARK [2][-]{subsection.2.3}{\376\377\000Y\000\352\000u\000\040\000c\036\247\000u\000\040\000c\000h\036\351\000c\000\040\000n\001\003\000n\000g}{subsection.1.3}% 15
\BOOKMARK [2][-]{subsection.2.4}{\376\377\000Y\000\352\000u\000\040\000c\036\247\000u\000\040\000p\000h\000i\000\040\000c\000h\036\351\000c\000\040\000n\001\003\000n\000g}{subsection.1.3}% 16
\BOOKMARK [1][-]{subsection.2.4}{\376\377\000C\000H\001\257\001\240\000N\000G\000\040\0003\000.\000\040\000T\000H\000I\036\276\000T\000\040\000K\036\276\000\040\000C\000H\000I\000\040\000T\000I\036\276\000T\000\040\000H\036\306\000\040\000T\000H\036\320\000N\000G}{}% 17
\BOOKMARK [2][-]{subsection.3.1}{\376\377\000T\000h\000i\036\277\000t\000\040\000k\036\277\000\040\000t\036\325\000n\000g\000\040\000t\000h\036\303\000\040\000h\036\307\000\040\000t\000h\036\321\000n\000g}{subsection.2.4}% 18
\BOOKMARK [3][-]{subsubsection.3.1.1}{\376\377\000T\036\325\000n\000g\000\040\000q\000u\000a\000n\000\040\000v\000\340\000\040\000s\001\241\000\040\001\021\036\323\000\040\000h\036\307\000\040\000t\000h\036\321\000n\000g}{subsection.3.1}% 19
\BOOKMARK [3][-]{subsubsection.3.1.2}{\376\377\000L\000i\000n\000h\000\040\000k\000i\036\307\000n\000\040\000s\036\355\000\040\000d\036\345\000n\000g}{subsection.3.1}% 20
\BOOKMARK [4][-]{section*.12}{\376\377\000A\000\051\000\040\000V\000i\000\040\001\021\000i\036\301\000u\000\040\000k\000h\000i\036\303\000n\000\040\000E\000S\000P\0003\0002}{subsubsection.3.1.2}% 21
\BOOKMARK [4][-]{section*.15}{\376\377\000B\000\051\000\040\000M\000o\000d\000u\000l\000e\000\040\000R\000T\000C\000\040\000D\000S\0003\0002\0003\0001}{subsubsection.3.1.2}% 22
\BOOKMARK [4][-]{section*.18}{\376\377\000C\000\051\000\040\000M\000o\000d\000u\000l\000e\000\040\000l\001\260\000u\000\040\000t\000r\036\357\000\040\000S\000D\000\040\000C\000a\000r\000d}{subsubsection.3.1.2}% 23
\BOOKMARK [4][-]{section*.21}{\376\377\000D\000\051\000\040\000M\000o\000d\000u\000l\000e\000\040\000m\036\241\000c\000h\000\040\000s\036\241\000c\000\040\000I\000P\0005\0003\0000\0006}{subsubsection.3.1.2}% 24
\BOOKMARK [4][-]{section*.24}{\376\377\000E\000\051\000\040\000P\000i\000n\000\040\000L\000i\000t\000h\000i\000u\000m\000\040\000P\000o\000l\000y\000m\000e\000r}{subsubsection.3.1.2}% 25
\BOOKMARK [4][-]{section*.27}{\376\377\000F\000\051\000\040\000M\000o\000d\000u\000l\000e\000\040\000m\000\340\000n\000\040\000h\000\354\000n\000h\000\040\000O\000L\000E\000D\000\040\000S\000S\000D\0001\0003\0000\0006}{subsubsection.3.1.2}% 26
\BOOKMARK [4][-]{section*.30}{\376\377\000G\000\051\000\040\000I\000C\000\040\036\325\000n\000\040\000\341\000p\000\040\000A\000M\000S\0001\0001\0001\0007\000-\0003\000.\0003}{subsubsection.3.1.2}% 27
\BOOKMARK [4][-]{section*.33}{\376\377\000H\000\051\000\040\000M\000\340\000n\000\040\000h\000\354\000n\000h\000\040\000T\000F\000T\000\040\000I\000L\000I\0009\0003\0004\0001}{subsubsection.3.1.2}% 28
\BOOKMARK [4][-]{section*.36}{\376\377\000I\000\051\000\040\000I\000C\000\040\000m\036\337\000\040\000r\036\331\000n\000g\000\040\000I\000/\000O\000\040\000P\000C\000F\0008\0005\0007\0004}{subsubsection.3.1.2}% 29
\BOOKMARK [4][-]{section*.39}{\376\377\000J\000\051\000\040\000M\000O\000S\000F\000E\000T\000\040\000A\000O\0003\0004\0000\0000\000\040\000\050\000N\000-\000C\000h\000a\000n\000n\000e\000l\000\051\000\040\000v\000\340\000\040\000A\000O\0003\0004\0000\0001\000\040\000\050\000P\000-\000C\000h\000a\000n\000n\000e\000l\000\051}{subsubsection.3.1.2}% 30
\BOOKMARK [4][-]{section*.42}{\376\377\000K\000\051\000\040\000I\000C\000\040\000g\000i\000a\000o\000\040\000t\000i\036\277\000p\000\040\000U\000S\000B\000-\000t\000o\000-\000S\000e\000r\000i\000a\000l\000\040\000C\000H\0003\0004\0000\000C}{subsubsection.3.1.2}% 31
\BOOKMARK [4][-]{section*.45}{\376\377\000L\000\051\000\040\000M\000O\000S\000F\000E\000T\000\040\000B\000S\000S\0001\0003\0008\000\040\000\050\000L\000o\000g\000i\000c\000\040\000L\000e\000v\000e\000l\000\040\000S\000h\000i\000f\000t\000e\000r\000\051}{subsubsection.3.1.2}% 32
\BOOKMARK [2][-]{subsection.3.2}{\376\377\000T\000h\000i\036\277\000t\000\040\000k\036\277\000\040\000c\000h\000i\000\040\000t\000i\036\277\000t\000\040\000h\036\307\000\040\000t\000h\036\321\000n\000g}{subsection.2.4}% 33
\BOOKMARK [3][-]{subsubsection.3.2.1}{\376\377\000T\000h\000i\036\277\000t\000\040\000k\036\277\000\040\000p\000h\036\247\000n\000\040\000c\036\351\000n\000g\000\040\000m\036\241\000c\000h\000\040\000M\000S\000M\000S\000\040\000N\000o\000d\000e}{subsection.3.2}% 34
\BOOKMARK [4][-]{paragraph.3.2.1.1}{\376\377\000A\000.\000\040\000T\000\355\000n\000h\000\040\000t\000o\000\341\000n\000\040\001\021\000\341\000p\000\040\036\351\000n\000g\000\040\000c\000\364\000n\000g\000\040\000s\000u\036\245\000t\000\040\000n\000g\000u\036\323\000n}{subsubsection.3.2.1}% 35
\BOOKMARK [4][-]{paragraph.3.2.1.2}{\376\377\000B\000.\000\040\000T\000h\000i\036\277\000t\000\040\000k\036\277\000\040\000m\036\241\000c\000h\000\040\000n\000g\000u\000y\000\352\000n\000\040\000l\000\375\000\040\000\050\000S\000c\000h\000e\000m\000a\000t\000i\000c\000\051}{subsubsection.3.2.1}% 36
\BOOKMARK [3][-]{subsubsection.3.2.2}{\376\377\000L\000a\000y\000o\000u\000t\000\040\000P\000C\000B}{subsection.3.2}% 37
\BOOKMARK [3][-]{subsubsection.3.2.3}{\376\377\000T\000h\000i\036\277\000t\000\040\000k\036\277\000\040\000p\000h\036\247\000n\000\040\000c\036\351\000n\000g\000\040\000m\036\241\000c\000h\000\040\000G\000a\000t\000e\000w\000a\000y}{subsection.3.2}% 38
\BOOKMARK [4][-]{paragraph.3.2.3.1}{\376\377\000A\000.\000\040\000T\000\355\000n\000h\000\040\000t\000o\000\341\000n\000\040\001\021\000\341\000p\000\040\036\351\000n\000g\000\040\000c\000\364\000n\000g\000\040\000s\000u\036\245\000t\000\040\000n\000g\000u\036\323\000n\000\040\000G\000a\000t\000e\000w\000a\000y}{subsubsection.3.2.3}% 39
\BOOKMARK [4][-]{paragraph.3.2.3.2}{\376\377\000B\000.\000\040\000T\000h\000i\036\277\000t\000\040\000k\036\277\000\040\000m\036\241\000c\000h\000\040\000n\000g\000u\000y\000\352\000n\000\040\000l\000\375\000\040\000\050\000S\000c\000h\000e\000m\000a\000t\000i\000c\000\051\000\040\000G\000a\000t\000e\000w\000a\000y}{subsubsection.3.2.3}% 40
\BOOKMARK [4][-]{paragraph.3.2.3.3}{\376\377\000C\000.\000\040\000L\000a\000y\000o\000u\000t\000\040\000P\000C\000B\000\040\000m\036\241\000c\000h\000\040\000G\000a\000t\000e\000w\000a\000y}{subsubsection.3.2.3}% 41
\BOOKMARK [3][-]{subsubsection.3.2.4}{\376\377\000T\000h\000i\036\277\000t\000\040\000k\036\277\000\040\000F\000i\000r\000m\000w\000a\000r\000e}{subsection.3.2}% 42
\BOOKMARK [4][-]{paragraph.3.2.4.1}{\376\377\000A\000.\000\040\000T\000h\000i\036\277\000t\000\040\000k\036\277\000\040\000F\000i\000r\000m\000w\000a\000r\000e\000\040\000M\000S\000M\000S}{subsubsection.3.2.4}% 43
\BOOKMARK [4][-]{paragraph.3.2.4.2}{\376\377\000B\000.\000\040\000T\000h\000i\036\277\000t\000\040\000k\036\277\000\040\000F\000i\000r\000m\000w\000a\000r\000e\000\040\000G\000a\000t\000e\000w\000a\000y}{subsubsection.3.2.4}% 44
\BOOKMARK [4][-]{paragraph.3.2.4.3}{\376\377\000C\000.\000\040\000T\000h\000i\036\277\000t\000\040\000k\036\277\000\040\000S\000o\000f\000t\000w\000a\000r\000e\000\040\000\050\000W\000e\000b\000\040\000D\000a\000s\000h\000b\000o\000a\000r\000d\000\040\000\046\000\040\000M\000o\000b\000i\000l\000e\000\040\000A\000p\000p\000\051}{subsubsection.3.2.4}% 45
\BOOKMARK [1][-]{Item.32}{\376\377\000C\000H\001\257\001\240\000N\000G\000\040\0004\000.\000\040\000K\000I\036\302\000M\000\040\000T\000H\036\354\000\040\000H\036\306\000\040\000T\000H\036\320\000N\000G\000\040\000V\000\300\000\040\000L\036\244\000Y\000\040\000D\036\356\000\040\000L\000I\036\306\000U}{}% 46
\BOOKMARK [2][-]{subsection.4.1}{\376\377\000C\000h\000i\036\277\000n\000\040\000l\001\260\036\343\000c\000\040\000k\000i\036\303\000m\000\040\000t\000h\036\355}{Item.32}% 47
\BOOKMARK [2][-]{subsection.4.2}{\376\377\000K\000i\036\303\000m\000\040\000t\000h\036\355\000\040\000m\036\241\000c\000h\000\040\000N\000o\000d\000e\000\040\000M\000S\000M\000S}{Item.32}% 48
\BOOKMARK [3][-]{subsubsection.4.2.1}{\376\377\000K\000i\036\303\000m\000\040\000t\000h\036\355\000\040\000p\000h\036\247\000n\000\040\000c\036\351\000n\000g\000\040\000\046\000\040\000C\036\243\000m\000\040\000b\000i\036\277\000n}{subsection.4.2}% 49
\BOOKMARK [3][-]{subsubsection.4.2.2}{\376\377\000K\000i\036\303\000m\000\040\000t\000h\036\355\000\040\000F\000i\000r\000m\000w\000a\000r\000e\000\040\000\050\000M\000e\000n\000u\000\040\000\046\000\040\000M\000e\000s\000h\000\040\000U\000D\000P\000\051}{subsection.4.2}% 50
\BOOKMARK [2][-]{subsection.4.3}{\376\377\000K\000i\036\303\000m\000\040\000t\000h\036\355\000\040\000m\036\241\000c\000h\000\040\000G\000a\000t\000e\000w\000a\000y}{Item.32}% 51
\BOOKMARK [3][-]{subsubsection.4.3.1}{\376\377\000K\000i\036\303\000m\000\040\000t\000h\036\355\000\040\000M\000\340\000n\000\040\000h\000\354\000n\000h\000\040\000T\000F\000T\000\040\000\050\000L\000V\000G\000L\000\051\000\040\000\046\000\040\000G\000i\000a\000o\000\040\000t\000i\036\277\000p\000\040\000U\000A\000R\000T}{subsection.4.3}% 52
\BOOKMARK [3][-]{subsubsection.4.3.2}{\376\377\000K\000i\036\303\000m\000\040\000t\000h\036\355\000\040\000R\000T\000C\000\040\000D\000S\0003\0002\0003\0001\000\040\000\046\000\040\000T\000h\036\273\000\040\000n\000h\036\333\000\040\000S\000D}{subsection.4.3}% 53
\BOOKMARK [2][-]{subsection.4.4}{\376\377\000K\000i\036\303\000m\000\040\000t\000h\036\355\000\040\000H\036\307\000\040\000s\000i\000n\000h\000\040\000t\000h\000\341\000i\000\040\000S\000o\000f\000t\000w\000a\000r\000e\000\040\000\050\000W\000e\000b\000\040\000D\000a\000s\000h\000b\000o\000a\000r\000d\000\040\000\046\000\040\000M\000o\000b\000i\000l\000e\000\040\000A\000p\000p\000\051}{Item.32}% 54
\BOOKMARK [3][-]{subsubsection.4.4.1}{\376\377\000K\000i\036\303\000m\000\040\000t\000h\036\355\000\040\000W\000e\000b\000\040\000D\000a\000s\000h\000b\000o\000a\000r\000d\000\040\000\046\000\040\000W\000e\000b\000S\000o\000c\000k\000e\000t\000\040\000S\000e\000r\000v\000e\000r}{subsection.4.4}% 55
\BOOKMARK [3][-]{subsubsection.4.4.2}{\376\377\000K\000i\036\303\000m\000\040\000t\000h\036\355\000\040\000M\000o\000b\000i\000l\000e\000\040\000A\000p\000p\000\040\000\050\000R\000e\000a\000c\000t\000\040\000N\000a\000t\000i\000v\000e\000\051}{subsection.4.4}% 56
\BOOKMARK [2][-]{subsection.4.5}{\376\377\000K\000i\036\303\000m\000\040\000t\000h\036\355\000\040\000t\000\355\000c\000h\000\040\000h\036\343\000p\000\040\000t\000o\000\340\000n\000\040\000h\036\307\000\040\000t\000h\036\321\000n\000g\000\040\000\050\000E\000n\000d\000-\000t\000o\000-\000E\000n\000d\000\040\000T\000e\000s\000t\000\051}{Item.32}% 57
\BOOKMARK [2][-]{subsection.4.6}{\376\377\001\020\000\341\000n\000h\000\040\000g\000i\000\341\000\040\000h\000i\036\307\000u\000\040\000n\001\003\000n\000g\000\040\000m\036\241\000n\000g\000\040\000M\000e\000s\000h\000\040\000\050\000P\000a\000c\000k\000e\000t\000\040\000L\000o\000s\000s\000\051}{Item.32}% 58
\BOOKMARK [2][-]{subsection.4.7}{\376\377\000T\036\325\000n\000g\000\040\000h\036\343\000p\000\040\000k\036\277\000t\000\040\000q\000u\036\243\000\040\000k\000i\036\303\000m\000\040\000t\000h\036\355}{Item.32}% 59
\BOOKMARK [1][-]{table.caption.75}{\376\377\000C\000H\001\257\001\240\000N\000G\000\040\0005\000.\000\040\000K\036\276\000T\000\040\000L\000U\036\254\000N\000\040\000V\000\300\000\040\000H\001\257\036\332\000N\000G\000\040\000P\000H\000\301\000T\000\040\000T\000R\000I\036\302\000N}{}% 60
\BOOKMARK [2][-]{subsection.5.1}{\376\377\000K\036\277\000t\000\040\000q\000u\036\243\000\040\001\021\036\241\000t\000\040\001\021\001\260\036\343\000c}{table.caption.75}% 61
\BOOKMARK [2][-]{subsection.5.2}{\376\377\000H\001\260\036\333\000n\000g\000\040\000p\000h\000\341\000t\000\040\000t\000r\000i\036\303\000n}{table.caption.75}% 62
